{"/Users/xyx650/Documents/kenshin/src/index.ts": {"path":"/Users/xyx650/Documents/kenshin/src/index.ts","statementMap":{"0":{"start":{"line":1,"column":0},"end":{"line":1,"column":7}},"1":{"start":{"line":23,"column":2},"end":{"line":1,"column":25}},"2":{"start":{"line":2,"column":0},"end":{"line":2,"column":7}},"3":{"start":{"line":24,"column":2},"end":{"line":2,"column":40}},"4":{"start":{"line":3,"column":0},"end":{"line":3,"column":7}},"5":{"start":{"line":25,"column":2},"end":{"line":3,"column":29}},"6":{"start":{"line":4,"column":0},"end":{"line":4,"column":7}},"7":{"start":{"line":27,"column":2},"end":{"line":4,"column":29}},"8":{"start":{"line":5,"column":0},"end":{"line":5,"column":7}},"9":{"start":{"line":26,"column":2},"end":{"line":5,"column":27}},"10":{"start":{"line":6,"column":0},"end":{"line":6,"column":7}},"11":{"start":{"line":28,"column":2},"end":{"line":6,"column":33}},"12":{"start":{"line":7,"column":0},"end":{"line":7,"column":7}},"13":{"start":{"line":29,"column":2},"end":{"line":7,"column":31}},"14":{"start":{"line":8,"column":0},"end":{"line":8,"column":7}},"15":{"start":{"line":30,"column":2},"end":{"line":8,"column":31}},"16":{"start":{"line":9,"column":0},"end":{"line":9,"column":7}},"17":{"start":{"line":31,"column":2},"end":{"line":9,"column":31}},"18":{"start":{"line":10,"column":0},"end":{"line":10,"column":7}},"19":{"start":{"line":32,"column":2},"end":{"line":10,"column":40}},"20":{"start":{"line":11,"column":0},"end":{"line":11,"column":7}},"21":{"start":{"line":33,"column":2},"end":{"line":11,"column":27}},"22":{"start":{"line":12,"column":0},"end":{"line":12,"column":7}},"23":{"start":{"line":34,"column":2},"end":{"line":12,"column":27}},"24":{"start":{"line":13,"column":0},"end":{"line":13,"column":7}},"25":{"start":{"line":35,"column":2},"end":{"line":13,"column":23}},"26":{"start":{"line":14,"column":0},"end":{"line":14,"column":7}},"27":{"start":{"line":36,"column":2},"end":{"line":14,"column":29}},"28":{"start":{"line":15,"column":0},"end":{"line":15,"column":7}},"29":{"start":{"line":37,"column":2},"end":{"line":15,"column":27}},"30":{"start":{"line":16,"column":0},"end":{"line":16,"column":7}},"31":{"start":{"line":38,"column":2},"end":{"line":16,"column":27}},"32":{"start":{"line":17,"column":0},"end":{"line":17,"column":7}},"33":{"start":{"line":39,"column":2},"end":{"line":17,"column":37}},"34":{"start":{"line":18,"column":0},"end":{"line":18,"column":7}},"35":{"start":{"line":40,"column":2},"end":{"line":18,"column":25}},"36":{"start":{"line":19,"column":0},"end":{"line":19,"column":7}},"37":{"start":{"line":41,"column":2},"end":{"line":19,"column":33}},"38":{"start":{"line":20,"column":0},"end":{"line":20,"column":7}},"39":{"start":{"line":42,"column":2},"end":{"line":20,"column":33}}},"fnMap":{},"branchMap":{},"s":{"0":0,"1":0,"2":0,"3":0,"4":0,"5":0,"6":0,"7":0,"8":0,"9":0,"10":0,"11":0,"12":0,"13":0,"14":0,"15":0,"16":0,"17":0,"18":0,"19":0,"20":0,"21":0,"22":0,"23":0,"24":0,"25":0,"26":0,"27":0,"28":0,"29":0,"30":0,"31":0,"32":0,"33":0,"34":0,"35":0,"36":0,"37":0,"38":0,"39":0},"f":{},"b":{}}
,"/Users/xyx650/Documents/kenshin/src/.umi/umi.ts": {"path":"/Users/xyx650/Documents/kenshin/src/.umi/umi.ts","statementMap":{"0":{"start":{"line":2,"column":0},"end":{"line":2,"column":25}},"1":{"start":{"line":3,"column":0},"end":{"line":3,"column":28}},"2":{"start":{"line":4,"column":0},"end":{"line":4,"column":39}},"3":{"start":{"line":5,"column":0},"end":{"line":5,"column":31}},"4":{"start":{"line":6,"column":0},"end":{"line":6,"column":47}},"5":{"start":{"line":7,"column":0},"end":{"line":7,"column":112}},"6":{"start":{"line":8,"column":0},"end":{"line":8,"column":129}},"7":{"start":{"line":9,"column":0},"end":{"line":9,"column":42}},"8":{"start":{"line":14,"column":24},"end":{"line":34,"column":2}},"9":{"start":{"line":14,"column":74},"end":{"line":34,"column":2}},"10":{"start":{"line":18,"column":17},"end":{"line":30,"column":6}},"11":{"start":{"line":31,"column":4},"end":{"line":31,"column":30}},"12":{"start":{"line":36,"column":21},"end":{"line":36,"column":38}},"13":{"start":{"line":37,"column":0},"end":{"line":37,"column":30}},"14":{"start":{"line":40,"column":4},"end":{"line":42,"column":6}},"15":{"start":{"line":47,"column":0},"end":{"line":59,"column":null}},"16":{"start":{"line":49,"column":2},"end":{"line":58,"column":5}},"17":{"start":{"line":50,"column":16},"end":{"line":50,"column":40}},"18":{"start":{"line":51,"column":4},"end":{"line":57,"column":null}},"19":{"start":{"line":52,"column":6},"end":{"line":54,"column":9}},"20":{"start":{"line":53,"column":8},"end":{"line":53,"column":62}},"21":{"start":{"line":56,"column":6},"end":{"line":56,"column":64}}},"fnMap":{"0":{"name":"(anonymous_0)","decl":{"start":{"line":14,"column":24},"end":{"line":14,"column":25}},"loc":{"start":{"line":14,"column":74},"end":{"line":34,"column":2}}},"1":{"name":"(anonymous_1)","decl":{"start":{"line":17,"column":16},"end":{"line":17,"column":19}},"loc":{"start":{"line":17,"column":21},"end":{"line":32,"column":3}}},"2":{"name":"(anonymous_2)","decl":{"start":{"line":49,"column":37},"end":{"line":49,"column":40}},"loc":{"start":{"line":49,"column":42},"end":{"line":58,"column":3}}},"3":{"name":"(anonymous_3)","decl":{"start":{"line":52,"column":15},"end":{"line":52,"column":16}},"loc":{"start":{"line":52,"column":33},"end":{"line":54,"column":7}}}},"branchMap":{"0":{"loc":{"start":{"line":14,"column":67},"end":{"line":14,"column":69}},"type":"default-arg","locations":[{"start":{"line":14,"column":67},"end":{"line":14,"column":69}}]},"1":{"loc":{"start":{"line":22,"column":16},"end":{"line":22,"column":27}},"type":"binary-expr","locations":[{"start":{"line":22,"column":16},"end":{"line":22,"column":27}},{"start":{"line":22,"column":31},"end":{"line":22,"column":42}}]},"2":{"loc":{"start":{"line":47,"column":0},"end":{"line":59,"column":null}},"type":"if","locations":[{"start":{"line":47,"column":0},"end":{"line":59,"column":null}},{"start":{"line":47,"column":0},"end":{"line":59,"column":null}}]},"3":{"loc":{"start":{"line":51,"column":4},"end":{"line":57,"column":null}},"type":"if","locations":[{"start":{"line":51,"column":4},"end":{"line":57,"column":null}},{"start":{"line":51,"column":4},"end":{"line":57,"column":null}}]}},"s":{"0":0,"1":0,"2":0,"3":0,"4":0,"5":0,"6":0,"7":0,"8":0,"9":0,"10":0,"11":0,"12":0,"13":0,"14":0,"15":0,"16":0,"17":0,"18":0,"19":0,"20":0,"21":0},"f":{"0":0,"1":0,"2":0,"3":0},"b":{"0":[0],"1":[0,0],"2":[0,0],"3":[0,0]}}
,"/Users/xyx650/Documents/kenshin/src/.umi/core/devScripts.ts": {"path":"/Users/xyx650/Documents/kenshin/src/.umi/core/devScripts.ts","statementMap":{"0":{"start":{"line":3,"column":0},"end":{"line":50,"column":null}},"1":{"start":{"line":6,"column":4},"end":{"line":9,"column":null}},"2":{"start":{"line":7,"column":6},"end":{"line":7,"column":31}},"3":{"start":{"line":8,"column":6},"end":{"line":8,"column":13}},"4":{"start":{"line":13,"column":6},"end":{"line":13,"column":74}},"5":{"start":{"line":18,"column":4},"end":{"line":20,"column":null}},"6":{"start":{"line":19,"column":6},"end":{"line":19,"column":13}},"7":{"start":{"line":23,"column":6},"end":{"line":26,"column":null}},"8":{"start":{"line":24,"column":8},"end":{"line":24,"column":33}},"9":{"start":{"line":25,"column":8},"end":{"line":25,"column":15}},"10":{"start":{"line":28,"column":6},"end":{"line":28,"column":29}},"11":{"start":{"line":30,"column":6},"end":{"line":33,"column":null}},"12":{"start":{"line":32,"column":8},"end":{"line":32,"column":26}},"13":{"start":{"line":37,"column":4},"end":{"line":44,"column":6}},"14":{"start":{"line":39,"column":8},"end":{"line":39,"column":49}},"15":{"start":{"line":42,"column":8},"end":{"line":42,"column":38}},"16":{"start":{"line":47,"column":2},"end":{"line":49,"column":5}}},"fnMap":{"0":{"name":"tryApplyUpdates","decl":{"start":{"line":4,"column":11},"end":{"line":4,"column":26}},"loc":{"start":{"line":4,"column":56},"end":{"line":45,"column":3}}},"1":{"name":"isUpdateAvailable","decl":{"start":{"line":11,"column":13},"end":{"line":11,"column":30}},"loc":{"start":{"line":11,"column":30},"end":{"line":14,"column":5}}},"2":{"name":"handleApplyUpdates","decl":{"start":{"line":22,"column":13},"end":{"line":22,"column":31}},"loc":{"start":{"line":22,"column":70},"end":{"line":34,"column":5}}},"3":{"name":"(anonymous_3)","decl":{"start":{"line":38,"column":6},"end":{"line":38,"column":16}},"loc":{"start":{"line":38,"column":35},"end":{"line":40,"column":7}}},"4":{"name":"(anonymous_4)","decl":{"start":{"line":41,"column":6},"end":{"line":41,"column":16}},"loc":{"start":{"line":41,"column":26},"end":{"line":43,"column":7}}}},"branchMap":{"0":{"loc":{"start":{"line":3,"column":0},"end":{"line":50,"column":null}},"type":"if","locations":[{"start":{"line":3,"column":0},"end":{"line":50,"column":null}},{"start":{"line":3,"column":0},"end":{"line":50,"column":null}}]},"1":{"loc":{"start":{"line":6,"column":4},"end":{"line":9,"column":null}},"type":"if","locations":[{"start":{"line":6,"column":4},"end":{"line":9,"column":null}},{"start":{"line":6,"column":4},"end":{"line":9,"column":null}}]},"2":{"loc":{"start":{"line":18,"column":4},"end":{"line":20,"column":null}},"type":"if","locations":[{"start":{"line":18,"column":4},"end":{"line":20,"column":null}},{"start":{"line":18,"column":4},"end":{"line":20,"column":null}}]},"3":{"loc":{"start":{"line":18,"column":8},"end":{"line":18,"column":28}},"type":"binary-expr","locations":[{"start":{"line":18,"column":8},"end":{"line":18,"column":28}},{"start":{"line":18,"column":32},"end":{"line":18,"column":62}}]},"4":{"loc":{"start":{"line":23,"column":6},"end":{"line":26,"column":null}},"type":"if","locations":[{"start":{"line":23,"column":6},"end":{"line":26,"column":null}},{"start":{"line":23,"column":6},"end":{"line":26,"column":null}}]},"5":{"loc":{"start":{"line":23,"column":10},"end":{"line":23,"column":13}},"type":"binary-expr","locations":[{"start":{"line":23,"column":10},"end":{"line":23,"column":13}},{"start":{"line":23,"column":17},"end":{"line":23,"column":32}},{"start":{"line":23,"column":36},"end":{"line":23,"column":65}}]},"6":{"loc":{"start":{"line":30,"column":6},"end":{"line":33,"column":null}},"type":"if","locations":[{"start":{"line":30,"column":6},"end":{"line":33,"column":null}},{"start":{"line":30,"column":6},"end":{"line":33,"column":null}}]}},"s":{"0":0,"1":0,"2":0,"3":0,"4":0,"5":0,"6":0,"7":0,"8":0,"9":0,"10":0,"11":0,"12":0,"13":0,"14":0,"15":0,"16":0},"f":{"0":0,"1":0,"2":0,"3":0,"4":0},"b":{"0":[0,0],"1":[0,0],"2":[0,0],"3":[0,0],"4":[0,0],"5":[0,0,0],"6":[0,0]}}
,"/Users/xyx650/Documents/kenshin/src/.umi/core/history.ts": {"path":"/Users/xyx650/Documents/kenshin/src/.umi/core/history.ts","statementMap":{"0":{"start":{"line":2,"column":0},"end":{"line":2,"column":122}},"1":{"start":{"line":4,"column":14},"end":{"line":6,"column":2}},"2":{"start":{"line":7,"column":0},"end":{"line":9,"column":null}},"3":{"start":{"line":8,"column":2},"end":{"line":8,"column":46}},"4":{"start":{"line":12,"column":23},"end":{"line":12,"column":82}},"5":{"start":{"line":21,"column":9},"end":{"line":21,"column":16}},"6":{"start":{"line":13,"column":29},"end":{"line":19,"column":1}},"7":{"start":{"line":14,"column":2},"end":{"line":16,"column":null}},"8":{"start":{"line":15,"column":4},"end":{"line":15,"column":41}},"9":{"start":{"line":18,"column":2},"end":{"line":18,"column":17}},"10":{"start":{"line":13,"column":13},"end":{"line":13,"column":29}}},"fnMap":{"0":{"name":"(anonymous_0)","decl":{"start":{"line":13,"column":29},"end":{"line":13,"column":30}},"loc":{"start":{"line":13,"column":51},"end":{"line":19,"column":1}}}},"branchMap":{"0":{"loc":{"start":{"line":7,"column":0},"end":{"line":9,"column":null}},"type":"if","locations":[{"start":{"line":7,"column":0},"end":{"line":9,"column":null}},{"start":{"line":7,"column":0},"end":{"line":9,"column":null}}]},"1":{"loc":{"start":{"line":12,"column":49},"end":{"line":12,"column":53}},"type":"cond-expr","locations":[{"start":{"line":12,"column":49},"end":{"line":12,"column":53}},{"start":{"line":12,"column":56},"end":{"line":12,"column":82}}]},"2":{"loc":{"start":{"line":13,"column":42},"end":{"line":13,"column":47}},"type":"default-arg","locations":[{"start":{"line":13,"column":42},"end":{"line":13,"column":47}}]},"3":{"loc":{"start":{"line":14,"column":2},"end":{"line":16,"column":null}},"type":"if","locations":[{"start":{"line":14,"column":2},"end":{"line":16,"column":null}},{"start":{"line":14,"column":2},"end":{"line":16,"column":null}}]}},"s":{"0":0,"1":0,"2":0,"3":0,"4":0,"5":0,"6":0,"7":0,"8":0,"9":0,"10":0},"f":{"0":0},"b":{"0":[0,0],"1":[0,0],"2":[0],"3":[0,0]}}
,"/Users/xyx650/Documents/kenshin/src/.umi/core/plugin.ts": {"path":"/Users/xyx650/Documents/kenshin/src/.umi/core/plugin.ts","statementMap":{"0":{"start":{"line":2,"column":0},"end":{"line":2,"column":102}},"1":{"start":{"line":4,"column":15},"end":{"line":6,"column":2}},"2":{"start":{"line":8,"column":9},"end":{"line":8,"column":15}}},"fnMap":{},"branchMap":{},"s":{"0":0,"1":0,"2":0},"f":{},"b":{}}
,"/Users/xyx650/Documents/kenshin/src/.umi/core/polyfill.ts": {"path":"/Users/xyx650/Documents/kenshin/src/.umi/core/polyfill.ts","statementMap":{"0":{"start":{"line":2,"column":0},"end":{"line":2,"column":24}},"1":{"start":{"line":3,"column":0},"end":{"line":3,"column":24}},"2":{"start":{"line":4,"column":0},"end":{"line":4,"column":37}}},"fnMap":{},"branchMap":{},"s":{"0":0,"1":0,"2":0},"f":{},"b":{}}
,"/Users/xyx650/Documents/kenshin/src/.umi/core/routes.ts": {"path":"/Users/xyx650/Documents/kenshin/src/.umi/core/routes.ts","statementMap":{"0":{"start":{"line":2,"column":0},"end":{"line":2,"column":26}},"1":{"start":{"line":3,"column":0},"end":{"line":3,"column":121}},"2":{"start":{"line":5,"column":0},"end":{"line":5,"column":34}},"3":{"start":{"line":8,"column":17},"end":{"line":637,"column":2}},"4":{"start":{"line":12,"column":40},"end":{"line":12,"column":165}},"5":{"start":{"line":13,"column":28},"end":{"line":47,"column":18}},"6":{"start":{"line":16,"column":51},"end":{"line":16,"column":211}},"7":{"start":{"line":17,"column":43},"end":{"line":17,"column":141}},"8":{"start":{"line":18,"column":39},"end":{"line":18,"column":105}},"9":{"start":{"line":19,"column":40},"end":{"line":19,"column":103}},"10":{"start":{"line":21,"column":12},"end":{"line":45,"column":null}},"11":{"start":{"line":23,"column":25},"end":{"line":23,"column":56}},"12":{"start":{"line":26,"column":6},"end":{"line":26,"column":24}},"13":{"start":{"line":28,"column":6},"end":{"line":43,"column":null}},"14":{"start":{"line":31,"column":10},"end":{"line":31,"column":31}},"15":{"start":{"line":35,"column":10},"end":{"line":39,"column":12}},"16":{"start":{"line":42,"column":10},"end":{"line":42,"column":64}},"17":{"start":{"line":57,"column":40},"end":{"line":57,"column":165}},"18":{"start":{"line":57,"column":192},"end":{"line":57,"column":315}},"19":{"start":{"line":61,"column":44},"end":{"line":61,"column":146}},"20":{"start":{"line":89,"column":44},"end":{"line":89,"column":146}},"21":{"start":{"line":117,"column":44},"end":{"line":117,"column":148}},"22":{"start":{"line":145,"column":44},"end":{"line":145,"column":144}},"23":{"start":{"line":173,"column":44},"end":{"line":173,"column":152}},"24":{"start":{"line":201,"column":44},"end":{"line":201,"column":152}},"25":{"start":{"line":224,"column":44},"end":{"line":224,"column":160}},"26":{"start":{"line":252,"column":44},"end":{"line":252,"column":150}},"27":{"start":{"line":280,"column":44},"end":{"line":280,"column":146}},"28":{"start":{"line":303,"column":44},"end":{"line":303,"column":146}},"29":{"start":{"line":331,"column":44},"end":{"line":331,"column":160}},"30":{"start":{"line":359,"column":44},"end":{"line":359,"column":150}},"31":{"start":{"line":387,"column":44},"end":{"line":387,"column":156}},"32":{"start":{"line":415,"column":44},"end":{"line":415,"column":152}},"33":{"start":{"line":438,"column":44},"end":{"line":438,"column":146}},"34":{"start":{"line":461,"column":44},"end":{"line":461,"column":144}},"35":{"start":{"line":489,"column":44},"end":{"line":489,"column":148}},"36":{"start":{"line":517,"column":44},"end":{"line":517,"column":148}},"37":{"start":{"line":545,"column":44},"end":{"line":545,"column":142}},"38":{"start":{"line":574,"column":44},"end":{"line":574,"column":150}},"39":{"start":{"line":597,"column":44},"end":{"line":597,"column":140}},"40":{"start":{"line":635,"column":28},"end":{"line":635,"column":42}},"41":{"start":{"line":640,"column":2},"end":{"line":644,"column":5}},"42":{"start":{"line":646,"column":2},"end":{"line":646,"column":16}},"43":{"start":{"line":7,"column":0},"end":{"line":7,"column":16}}},"fnMap":{"0":{"name":"getRoutes","decl":{"start":{"line":7,"column":16},"end":{"line":7,"column":25}},"loc":{"start":{"line":7,"column":25},"end":{"line":647,"column":1}}},"1":{"name":"(anonymous_1)","decl":{"start":{"line":12,"column":35},"end":{"line":12,"column":38}},"loc":{"start":{"line":12,"column":40},"end":{"line":12,"column":165}}},"2":{"name":"(anonymous_2)","decl":{"start":{"line":12,"column":40},"end":{"line":12,"column":48}},"loc":{"start":{"line":12,"column":40},"end":{"line":12,"column":165}}},"3":{"name":"(anonymous_3)","decl":{"start":{"line":13,"column":17},"end":{"line":13,"column":18}},"loc":{"start":{"line":13,"column":28},"end":{"line":47,"column":18}}},"4":{"name":"(anonymous_4)","decl":{"start":{"line":15,"column":18},"end":{"line":15,"column":23}},"loc":{"start":{"line":15,"column":29},"end":{"line":46,"column":11}}},"5":{"name":"(anonymous_5)","decl":{"start":{"line":16,"column":51},"end":{"line":16,"column":64}},"loc":{"start":{"line":16,"column":51},"end":{"line":16,"column":211}}},"6":{"name":"(anonymous_6)","decl":{"start":{"line":17,"column":43},"end":{"line":17,"column":56}},"loc":{"start":{"line":17,"column":43},"end":{"line":17,"column":141}}},"7":{"name":"(anonymous_7)","decl":{"start":{"line":18,"column":39},"end":{"line":18,"column":52}},"loc":{"start":{"line":18,"column":39},"end":{"line":18,"column":105}}},"8":{"name":"(anonymous_8)","decl":{"start":{"line":19,"column":40},"end":{"line":19,"column":53}},"loc":{"start":{"line":19,"column":40},"end":{"line":19,"column":103}}},"9":{"name":"(anonymous_9)","decl":{"start":{"line":21,"column":19},"end":{"line":21,"column":24}},"loc":{"start":{"line":21,"column":27},"end":{"line":45,"column":13}}},"10":{"name":"(anonymous_10)","decl":{"start":{"line":57,"column":35},"end":{"line":57,"column":38}},"loc":{"start":{"line":57,"column":40},"end":{"line":57,"column":165}}},"11":{"name":"(anonymous_11)","decl":{"start":{"line":57,"column":40},"end":{"line":57,"column":48}},"loc":{"start":{"line":57,"column":40},"end":{"line":57,"column":165}}},"12":{"name":"(anonymous_12)","decl":{"start":{"line":57,"column":187},"end":{"line":57,"column":190}},"loc":{"start":{"line":57,"column":192},"end":{"line":57,"column":315}}},"13":{"name":"(anonymous_13)","decl":{"start":{"line":57,"column":192},"end":{"line":57,"column":200}},"loc":{"start":{"line":57,"column":192},"end":{"line":57,"column":315}}},"14":{"name":"(anonymous_14)","decl":{"start":{"line":61,"column":39},"end":{"line":61,"column":42}},"loc":{"start":{"line":61,"column":44},"end":{"line":61,"column":146}}},"15":{"name":"(anonymous_15)","decl":{"start":{"line":61,"column":44},"end":{"line":61,"column":52}},"loc":{"start":{"line":61,"column":44},"end":{"line":61,"column":146}}},"16":{"name":"(anonymous_16)","decl":{"start":{"line":89,"column":39},"end":{"line":89,"column":42}},"loc":{"start":{"line":89,"column":44},"end":{"line":89,"column":146}}},"17":{"name":"(anonymous_17)","decl":{"start":{"line":89,"column":44},"end":{"line":89,"column":52}},"loc":{"start":{"line":89,"column":44},"end":{"line":89,"column":146}}},"18":{"name":"(anonymous_18)","decl":{"start":{"line":117,"column":39},"end":{"line":117,"column":42}},"loc":{"start":{"line":117,"column":44},"end":{"line":117,"column":148}}},"19":{"name":"(anonymous_19)","decl":{"start":{"line":117,"column":44},"end":{"line":117,"column":52}},"loc":{"start":{"line":117,"column":44},"end":{"line":117,"column":148}}},"20":{"name":"(anonymous_20)","decl":{"start":{"line":145,"column":39},"end":{"line":145,"column":42}},"loc":{"start":{"line":145,"column":44},"end":{"line":145,"column":144}}},"21":{"name":"(anonymous_21)","decl":{"start":{"line":145,"column":44},"end":{"line":145,"column":52}},"loc":{"start":{"line":145,"column":44},"end":{"line":145,"column":144}}},"22":{"name":"(anonymous_22)","decl":{"start":{"line":173,"column":39},"end":{"line":173,"column":42}},"loc":{"start":{"line":173,"column":44},"end":{"line":173,"column":152}}},"23":{"name":"(anonymous_23)","decl":{"start":{"line":173,"column":44},"end":{"line":173,"column":52}},"loc":{"start":{"line":173,"column":44},"end":{"line":173,"column":152}}},"24":{"name":"(anonymous_24)","decl":{"start":{"line":201,"column":39},"end":{"line":201,"column":42}},"loc":{"start":{"line":201,"column":44},"end":{"line":201,"column":152}}},"25":{"name":"(anonymous_25)","decl":{"start":{"line":201,"column":44},"end":{"line":201,"column":52}},"loc":{"start":{"line":201,"column":44},"end":{"line":201,"column":152}}},"26":{"name":"(anonymous_26)","decl":{"start":{"line":224,"column":39},"end":{"line":224,"column":42}},"loc":{"start":{"line":224,"column":44},"end":{"line":224,"column":160}}},"27":{"name":"(anonymous_27)","decl":{"start":{"line":224,"column":44},"end":{"line":224,"column":52}},"loc":{"start":{"line":224,"column":44},"end":{"line":224,"column":160}}},"28":{"name":"(anonymous_28)","decl":{"start":{"line":252,"column":39},"end":{"line":252,"column":42}},"loc":{"start":{"line":252,"column":44},"end":{"line":252,"column":150}}},"29":{"name":"(anonymous_29)","decl":{"start":{"line":252,"column":44},"end":{"line":252,"column":52}},"loc":{"start":{"line":252,"column":44},"end":{"line":252,"column":150}}},"30":{"name":"(anonymous_30)","decl":{"start":{"line":280,"column":39},"end":{"line":280,"column":42}},"loc":{"start":{"line":280,"column":44},"end":{"line":280,"column":146}}},"31":{"name":"(anonymous_31)","decl":{"start":{"line":280,"column":44},"end":{"line":280,"column":52}},"loc":{"start":{"line":280,"column":44},"end":{"line":280,"column":146}}},"32":{"name":"(anonymous_32)","decl":{"start":{"line":303,"column":39},"end":{"line":303,"column":42}},"loc":{"start":{"line":303,"column":44},"end":{"line":303,"column":146}}},"33":{"name":"(anonymous_33)","decl":{"start":{"line":303,"column":44},"end":{"line":303,"column":52}},"loc":{"start":{"line":303,"column":44},"end":{"line":303,"column":146}}},"34":{"name":"(anonymous_34)","decl":{"start":{"line":331,"column":39},"end":{"line":331,"column":42}},"loc":{"start":{"line":331,"column":44},"end":{"line":331,"column":160}}},"35":{"name":"(anonymous_35)","decl":{"start":{"line":331,"column":44},"end":{"line":331,"column":52}},"loc":{"start":{"line":331,"column":44},"end":{"line":331,"column":160}}},"36":{"name":"(anonymous_36)","decl":{"start":{"line":359,"column":39},"end":{"line":359,"column":42}},"loc":{"start":{"line":359,"column":44},"end":{"line":359,"column":150}}},"37":{"name":"(anonymous_37)","decl":{"start":{"line":359,"column":44},"end":{"line":359,"column":52}},"loc":{"start":{"line":359,"column":44},"end":{"line":359,"column":150}}},"38":{"name":"(anonymous_38)","decl":{"start":{"line":387,"column":39},"end":{"line":387,"column":42}},"loc":{"start":{"line":387,"column":44},"end":{"line":387,"column":156}}},"39":{"name":"(anonymous_39)","decl":{"start":{"line":387,"column":44},"end":{"line":387,"column":52}},"loc":{"start":{"line":387,"column":44},"end":{"line":387,"column":156}}},"40":{"name":"(anonymous_40)","decl":{"start":{"line":415,"column":39},"end":{"line":415,"column":42}},"loc":{"start":{"line":415,"column":44},"end":{"line":415,"column":152}}},"41":{"name":"(anonymous_41)","decl":{"start":{"line":415,"column":44},"end":{"line":415,"column":52}},"loc":{"start":{"line":415,"column":44},"end":{"line":415,"column":152}}},"42":{"name":"(anonymous_42)","decl":{"start":{"line":438,"column":39},"end":{"line":438,"column":42}},"loc":{"start":{"line":438,"column":44},"end":{"line":438,"column":146}}},"43":{"name":"(anonymous_43)","decl":{"start":{"line":438,"column":44},"end":{"line":438,"column":52}},"loc":{"start":{"line":438,"column":44},"end":{"line":438,"column":146}}},"44":{"name":"(anonymous_44)","decl":{"start":{"line":461,"column":39},"end":{"line":461,"column":42}},"loc":{"start":{"line":461,"column":44},"end":{"line":461,"column":144}}},"45":{"name":"(anonymous_45)","decl":{"start":{"line":461,"column":44},"end":{"line":461,"column":52}},"loc":{"start":{"line":461,"column":44},"end":{"line":461,"column":144}}},"46":{"name":"(anonymous_46)","decl":{"start":{"line":489,"column":39},"end":{"line":489,"column":42}},"loc":{"start":{"line":489,"column":44},"end":{"line":489,"column":148}}},"47":{"name":"(anonymous_47)","decl":{"start":{"line":489,"column":44},"end":{"line":489,"column":52}},"loc":{"start":{"line":489,"column":44},"end":{"line":489,"column":148}}},"48":{"name":"(anonymous_48)","decl":{"start":{"line":517,"column":39},"end":{"line":517,"column":42}},"loc":{"start":{"line":517,"column":44},"end":{"line":517,"column":148}}},"49":{"name":"(anonymous_49)","decl":{"start":{"line":517,"column":44},"end":{"line":517,"column":52}},"loc":{"start":{"line":517,"column":44},"end":{"line":517,"column":148}}},"50":{"name":"(anonymous_50)","decl":{"start":{"line":545,"column":39},"end":{"line":545,"column":42}},"loc":{"start":{"line":545,"column":44},"end":{"line":545,"column":142}}},"51":{"name":"(anonymous_51)","decl":{"start":{"line":545,"column":44},"end":{"line":545,"column":52}},"loc":{"start":{"line":545,"column":44},"end":{"line":545,"column":142}}},"52":{"name":"(anonymous_52)","decl":{"start":{"line":574,"column":39},"end":{"line":574,"column":42}},"loc":{"start":{"line":574,"column":44},"end":{"line":574,"column":150}}},"53":{"name":"(anonymous_53)","decl":{"start":{"line":574,"column":44},"end":{"line":574,"column":52}},"loc":{"start":{"line":574,"column":44},"end":{"line":574,"column":150}}},"54":{"name":"(anonymous_54)","decl":{"start":{"line":597,"column":39},"end":{"line":597,"column":42}},"loc":{"start":{"line":597,"column":44},"end":{"line":597,"column":140}}},"55":{"name":"(anonymous_55)","decl":{"start":{"line":597,"column":44},"end":{"line":597,"column":52}},"loc":{"start":{"line":597,"column":44},"end":{"line":597,"column":140}}},"56":{"name":"(anonymous_56)","decl":{"start":{"line":635,"column":17},"end":{"line":635,"column":18}},"loc":{"start":{"line":635,"column":28},"end":{"line":635,"column":42}}}},"branchMap":{"0":{"loc":{"start":{"line":29,"column":8},"end":{"line":31,"column":31}},"type":"switch","locations":[{"start":{"line":29,"column":8},"end":{"line":31,"column":31}},{"start":{"line":33,"column":8},"end":{"line":39,"column":12}},{"start":{"line":41,"column":8},"end":{"line":42,"column":64}}]}},"s":{"0":0,"1":0,"2":0,"3":0,"4":0,"5":0,"6":0,"7":0,"8":0,"9":0,"10":0,"11":0,"12":0,"13":0,"14":0,"15":0,"16":0,"17":0,"18":0,"19":0,"20":0,"21":0,"22":0,"23":0,"24":0,"25":0,"26":0,"27":0,"28":0,"29":0,"30":0,"31":0,"32":0,"33":0,"34":0,"35":0,"36":0,"37":0,"38":0,"39":0,"40":0,"41":0,"42":0,"43":0},"f":{"0":0,"1":0,"2":0,"3":0,"4":0,"5":0,"6":0,"7":0,"8":0,"9":0,"10":0,"11":0,"12":0,"13":0,"14":0,"15":0,"16":0,"17":0,"18":0,"19":0,"20":0,"21":0,"22":0,"23":0,"24":0,"25":0,"26":0,"27":0,"28":0,"29":0,"30":0,"31":0,"32":0,"33":0,"34":0,"35":0,"36":0,"37":0,"38":0,"39":0,"40":0,"41":0,"42":0,"43":0,"44":0,"45":0,"46":0,"47":0,"48":0,"49":0,"50":0,"51":0,"52":0,"53":0,"54":0,"55":0,"56":0},"b":{"0":[0,0,0]}}
,"/Users/xyx650/Documents/kenshin/src/.umi/core/umiExports.ts": {"path":"/Users/xyx650/Documents/kenshin/src/.umi/core/umiExports.ts","statementMap":{"0":{"start":{"line":2,"column":0},"end":{"line":2,"column":9}},"1":{"start":{"line":2,"column":9},"end":{"line":2,"column":36}},"2":{"start":{"line":3,"column":0},"end":{"line":3,"column":9}},"3":{"start":{"line":3,"column":9},"end":{"line":3,"column":34}}},"fnMap":{"0":{"name":"(anonymous_0)","decl":{"start":{"line":2,"column":9},"end":{"line":2,"column":16}},"loc":{"start":{"line":2,"column":9},"end":{"line":2,"column":36}}},"1":{"name":"(anonymous_1)","decl":{"start":{"line":3,"column":9},"end":{"line":3,"column":15}},"loc":{"start":{"line":3,"column":9},"end":{"line":3,"column":34}}}},"branchMap":{},"s":{"0":0,"1":0,"2":0,"3":0},"f":{"0":0,"1":0},"b":{}}
,"/Users/xyx650/Documents/kenshin/src/.umi/dumi/demos/index.ts": {"path":"/Users/xyx650/Documents/kenshin/src/.umi/dumi/demos/index.ts","statementMap":{"0":{"start":{"line":5,"column":0},"end":{"line":631,"column":2}},"1":{"start":{"line":8,"column":31},"end":{"line":8,"column":168}},"2":{"start":{"line":10,"column":24},"end":{"line":10,"column":181}},"3":{"start":{"line":12,"column":15},"end":{"line":12,"column":55}},"4":{"start":{"line":14,"column":17},"end":{"line":14,"column":35}},"5":{"start":{"line":16,"column":17},"end":{"line":34,"column":3}},"6":{"start":{"line":17,"column":26},"end":{"line":17,"column":58}},"7":{"start":{"line":18,"column":27},"end":{"line":18,"column":78}},"8":{"start":{"line":19,"column":20},"end":{"line":19,"column":39}},"9":{"start":{"line":20,"column":23},"end":{"line":20,"column":42}},"10":{"start":{"line":22,"column":4},"end":{"line":33,"column":44}},"11":{"start":{"line":29,"column":8},"end":{"line":29,"column":25}},"12":{"start":{"line":36,"column":2},"end":{"line":36,"column":51}},"13":{"start":{"line":42,"column":31},"end":{"line":42,"column":168}},"14":{"start":{"line":44,"column":15},"end":{"line":44,"column":55}},"15":{"start":{"line":46,"column":17},"end":{"line":46,"column":35}},"16":{"start":{"line":48,"column":17},"end":{"line":64,"column":3}},"17":{"start":{"line":49,"column":4},"end":{"line":63,"column":8}},"18":{"start":{"line":61,"column":8},"end":{"line":61,"column":37}},"19":{"start":{"line":66,"column":2},"end":{"line":66,"column":51}},"20":{"start":{"line":72,"column":31},"end":{"line":72,"column":168}},"21":{"start":{"line":74,"column":24},"end":{"line":74,"column":181}},"22":{"start":{"line":76,"column":15},"end":{"line":76,"column":55}},"23":{"start":{"line":78,"column":17},"end":{"line":78,"column":35}},"24":{"start":{"line":80,"column":24},"end":{"line":80,"column":53}},"25":{"start":{"line":81,"column":25},"end":{"line":81,"column":76}},"26":{"start":{"line":82,"column":15},"end":{"line":82,"column":34}},"27":{"start":{"line":83,"column":18},"end":{"line":83,"column":37}},"28":{"start":{"line":85,"column":2},"end":{"line":85,"column":30}},"29":{"start":{"line":87,"column":17},"end":{"line":101,"column":3}},"30":{"start":{"line":88,"column":4},"end":{"line":100,"column":46}},"31":{"start":{"line":90,"column":8},"end":{"line":90,"column":28}},"32":{"start":{"line":94,"column":8},"end":{"line":94,"column":28}},"33":{"start":{"line":98,"column":8},"end":{"line":98,"column":28}},"34":{"start":{"line":104,"column":2},"end":{"line":104,"column":51}},"35":{"start":{"line":110,"column":31},"end":{"line":110,"column":168}},"36":{"start":{"line":112,"column":15},"end":{"line":112,"column":55}},"37":{"start":{"line":114,"column":17},"end":{"line":114,"column":35}},"38":{"start":{"line":116,"column":17},"end":{"line":129,"column":3}},"39":{"start":{"line":117,"column":4},"end":{"line":128,"column":38}},"40":{"start":{"line":131,"column":2},"end":{"line":131,"column":51}},"41":{"start":{"line":137,"column":31},"end":{"line":137,"column":168}},"42":{"start":{"line":139,"column":15},"end":{"line":139,"column":55}},"43":{"start":{"line":141,"column":17},"end":{"line":141,"column":35}},"44":{"start":{"line":143,"column":17},"end":{"line":147,"column":3}},"45":{"start":{"line":144,"column":4},"end":{"line":146,"column":113}},"46":{"start":{"line":149,"column":2},"end":{"line":149,"column":51}},"47":{"start":{"line":155,"column":31},"end":{"line":155,"column":168}},"48":{"start":{"line":157,"column":15},"end":{"line":157,"column":55}},"49":{"start":{"line":159,"column":17},"end":{"line":159,"column":35}},"50":{"start":{"line":161,"column":17},"end":{"line":177,"column":3}},"51":{"start":{"line":162,"column":4},"end":{"line":176,"column":548}},"52":{"start":{"line":179,"column":2},"end":{"line":179,"column":51}},"53":{"start":{"line":185,"column":31},"end":{"line":185,"column":168}},"54":{"start":{"line":187,"column":15},"end":{"line":187,"column":55}},"55":{"start":{"line":189,"column":17},"end":{"line":189,"column":35}},"56":{"start":{"line":191,"column":17},"end":{"line":199,"column":3}},"57":{"start":{"line":192,"column":4},"end":{"line":198,"column":7}},"58":{"start":{"line":195,"column":8},"end":{"line":195,"column":30}},"59":{"start":{"line":201,"column":2},"end":{"line":201,"column":51}},"60":{"start":{"line":207,"column":31},"end":{"line":207,"column":168}},"61":{"start":{"line":209,"column":15},"end":{"line":209,"column":55}},"62":{"start":{"line":211,"column":17},"end":{"line":211,"column":35}},"63":{"start":{"line":213,"column":17},"end":{"line":215,"column":3}},"64":{"start":{"line":214,"column":4},"end":{"line":214,"column":472}},"65":{"start":{"line":217,"column":2},"end":{"line":217,"column":51}},"66":{"start":{"line":223,"column":31},"end":{"line":223,"column":168}},"67":{"start":{"line":225,"column":15},"end":{"line":225,"column":55}},"68":{"start":{"line":227,"column":17},"end":{"line":227,"column":35}},"69":{"start":{"line":229,"column":17},"end":{"line":237,"column":3}},"70":{"start":{"line":230,"column":4},"end":{"line":236,"column":8}},"71":{"start":{"line":239,"column":2},"end":{"line":239,"column":51}},"72":{"start":{"line":245,"column":31},"end":{"line":245,"column":168}},"73":{"start":{"line":247,"column":15},"end":{"line":247,"column":55}},"74":{"start":{"line":249,"column":17},"end":{"line":249,"column":35}},"75":{"start":{"line":251,"column":17},"end":{"line":255,"column":3}},"76":{"start":{"line":252,"column":4},"end":{"line":254,"column":7}},"77":{"start":{"line":257,"column":2},"end":{"line":257,"column":51}},"78":{"start":{"line":263,"column":31},"end":{"line":263,"column":168}},"79":{"start":{"line":265,"column":24},"end":{"line":265,"column":181}},"80":{"start":{"line":267,"column":15},"end":{"line":267,"column":55}},"81":{"start":{"line":269,"column":17},"end":{"line":269,"column":35}},"82":{"start":{"line":271,"column":17},"end":{"line":280,"column":3}},"83":{"start":{"line":272,"column":26},"end":{"line":272,"column":55}},"84":{"start":{"line":273,"column":27},"end":{"line":273,"column":78}},"85":{"start":{"line":274,"column":16},"end":{"line":274,"column":35}},"86":{"start":{"line":275,"column":19},"end":{"line":275,"column":38}},"87":{"start":{"line":277,"column":4},"end":{"line":279,"column":7}},"88":{"start":{"line":282,"column":2},"end":{"line":282,"column":51}},"89":{"start":{"line":288,"column":31},"end":{"line":288,"column":168}},"90":{"start":{"line":290,"column":24},"end":{"line":290,"column":181}},"91":{"start":{"line":292,"column":15},"end":{"line":292,"column":55}},"92":{"start":{"line":294,"column":17},"end":{"line":294,"column":35}},"93":{"start":{"line":296,"column":17},"end":{"line":313,"column":3}},"94":{"start":{"line":297,"column":26},"end":{"line":297,"column":58}},"95":{"start":{"line":298,"column":27},"end":{"line":298,"column":78}},"96":{"start":{"line":299,"column":18},"end":{"line":299,"column":37}},"97":{"start":{"line":300,"column":21},"end":{"line":300,"column":40}},"98":{"start":{"line":302,"column":4},"end":{"line":304,"column":13}},"99":{"start":{"line":303,"column":6},"end":{"line":303,"column":31}},"100":{"start":{"line":305,"column":4},"end":{"line":312,"column":27}},"101":{"start":{"line":315,"column":2},"end":{"line":315,"column":51}},"102":{"start":{"line":321,"column":31},"end":{"line":321,"column":168}},"103":{"start":{"line":323,"column":15},"end":{"line":323,"column":55}},"104":{"start":{"line":325,"column":17},"end":{"line":325,"column":35}},"105":{"start":{"line":327,"column":17},"end":{"line":335,"column":3}},"106":{"start":{"line":328,"column":4},"end":{"line":334,"column":24}},"107":{"start":{"line":337,"column":2},"end":{"line":337,"column":51}},"108":{"start":{"line":343,"column":31},"end":{"line":343,"column":168}},"109":{"start":{"line":345,"column":15},"end":{"line":345,"column":55}},"110":{"start":{"line":347,"column":17},"end":{"line":347,"column":35}},"111":{"start":{"line":349,"column":17},"end":{"line":361,"column":3}},"112":{"start":{"line":350,"column":4},"end":{"line":360,"column":8}},"113":{"start":{"line":363,"column":2},"end":{"line":363,"column":51}},"114":{"start":{"line":369,"column":31},"end":{"line":369,"column":168}},"115":{"start":{"line":371,"column":15},"end":{"line":371,"column":55}},"116":{"start":{"line":373,"column":17},"end":{"line":373,"column":35}},"117":{"start":{"line":375,"column":17},"end":{"line":383,"column":3}},"118":{"start":{"line":376,"column":4},"end":{"line":382,"column":8}},"119":{"start":{"line":385,"column":2},"end":{"line":385,"column":51}},"120":{"start":{"line":391,"column":31},"end":{"line":391,"column":168}},"121":{"start":{"line":393,"column":24},"end":{"line":393,"column":181}},"122":{"start":{"line":395,"column":15},"end":{"line":395,"column":55}},"123":{"start":{"line":397,"column":17},"end":{"line":397,"column":35}},"124":{"start":{"line":399,"column":17},"end":{"line":418,"column":3}},"125":{"start":{"line":400,"column":26},"end":{"line":400,"column":55}},"126":{"start":{"line":401,"column":27},"end":{"line":401,"column":78}},"127":{"start":{"line":402,"column":16},"end":{"line":402,"column":35}},"128":{"start":{"line":403,"column":19},"end":{"line":403,"column":38}},"129":{"start":{"line":405,"column":4},"end":{"line":417,"column":31}},"130":{"start":{"line":409,"column":8},"end":{"line":409,"column":27}},"131":{"start":{"line":415,"column":8},"end":{"line":415,"column":27}},"132":{"start":{"line":420,"column":2},"end":{"line":420,"column":51}},"133":{"start":{"line":426,"column":31},"end":{"line":426,"column":168}},"134":{"start":{"line":428,"column":15},"end":{"line":428,"column":55}},"135":{"start":{"line":430,"column":17},"end":{"line":430,"column":35}},"136":{"start":{"line":432,"column":17},"end":{"line":434,"column":3}},"137":{"start":{"line":433,"column":4},"end":{"line":433,"column":77}},"138":{"start":{"line":436,"column":2},"end":{"line":436,"column":51}},"139":{"start":{"line":442,"column":31},"end":{"line":442,"column":168}},"140":{"start":{"line":444,"column":24},"end":{"line":444,"column":181}},"141":{"start":{"line":446,"column":15},"end":{"line":446,"column":55}},"142":{"start":{"line":448,"column":17},"end":{"line":448,"column":35}},"143":{"start":{"line":450,"column":24},"end":{"line":450,"column":54}},"144":{"start":{"line":451,"column":25},"end":{"line":451,"column":76}},"145":{"start":{"line":452,"column":14},"end":{"line":452,"column":33}},"146":{"start":{"line":453,"column":17},"end":{"line":453,"column":36}},"147":{"start":{"line":455,"column":17},"end":{"line":459,"column":3}},"148":{"start":{"line":456,"column":4},"end":{"line":458,"column":7}},"149":{"start":{"line":461,"column":2},"end":{"line":461,"column":51}},"150":{"start":{"line":467,"column":31},"end":{"line":467,"column":168}},"151":{"start":{"line":469,"column":15},"end":{"line":469,"column":55}},"152":{"start":{"line":471,"column":17},"end":{"line":471,"column":35}},"153":{"start":{"line":473,"column":17},"end":{"line":479,"column":3}},"154":{"start":{"line":474,"column":4},"end":{"line":478,"column":7}},"155":{"start":{"line":481,"column":2},"end":{"line":481,"column":51}},"156":{"start":{"line":487,"column":31},"end":{"line":487,"column":168}},"157":{"start":{"line":489,"column":15},"end":{"line":489,"column":55}},"158":{"start":{"line":491,"column":17},"end":{"line":491,"column":35}},"159":{"start":{"line":493,"column":17},"end":{"line":505,"column":3}},"160":{"start":{"line":494,"column":4},"end":{"line":504,"column":30}},"161":{"start":{"line":507,"column":2},"end":{"line":507,"column":51}},"162":{"start":{"line":513,"column":31},"end":{"line":513,"column":168}},"163":{"start":{"line":515,"column":24},"end":{"line":515,"column":181}},"164":{"start":{"line":517,"column":15},"end":{"line":517,"column":55}},"165":{"start":{"line":519,"column":17},"end":{"line":519,"column":35}},"166":{"start":{"line":521,"column":17},"end":{"line":568,"column":3}},"167":{"start":{"line":522,"column":26},"end":{"line":546,"column":7}},"168":{"start":{"line":547,"column":27},"end":{"line":547,"column":78}},"169":{"start":{"line":548,"column":15},"end":{"line":548,"column":34}},"170":{"start":{"line":549,"column":18},"end":{"line":549,"column":37}},"171":{"start":{"line":551,"column":22},"end":{"line":556,"column":5}},"172":{"start":{"line":552,"column":20},"end":{"line":554,"column":8}},"173":{"start":{"line":553,"column":8},"end":{"line":553,"column":34}},"174":{"start":{"line":555,"column":6},"end":{"line":555,"column":23}},"175":{"start":{"line":558,"column":4},"end":{"line":567,"column":8}},"176":{"start":{"line":559,"column":6},"end":{"line":566,"column":19}},"177":{"start":{"line":564,"column":10},"end":{"line":564,"column":34}},"178":{"start":{"line":570,"column":2},"end":{"line":570,"column":51}},"179":{"start":{"line":576,"column":31},"end":{"line":576,"column":168}},"180":{"start":{"line":578,"column":15},"end":{"line":578,"column":55}},"181":{"start":{"line":580,"column":17},"end":{"line":580,"column":35}},"182":{"start":{"line":582,"column":15},"end":{"line":582,"column":50}},"183":{"start":{"line":584,"column":17},"end":{"line":594,"column":3}},"184":{"start":{"line":585,"column":4},"end":{"line":593,"column":8}},"185":{"start":{"line":586,"column":6},"end":{"line":592,"column":17}},"186":{"start":{"line":596,"column":2},"end":{"line":596,"column":51}},"187":{"start":{"line":602,"column":31},"end":{"line":602,"column":168}},"188":{"start":{"line":604,"column":15},"end":{"line":604,"column":55}},"189":{"start":{"line":606,"column":17},"end":{"line":606,"column":35}},"190":{"start":{"line":608,"column":15},"end":{"line":608,"column":39}},"191":{"start":{"line":610,"column":21},"end":{"line":612,"column":3}},"192":{"start":{"line":611,"column":4},"end":{"line":611,"column":23}},"193":{"start":{"line":614,"column":17},"end":{"line":625,"column":3}},"194":{"start":{"line":615,"column":4},"end":{"line":624,"column":8}},"195":{"start":{"line":620,"column":6},"end":{"line":623,"column":9}},"196":{"start":{"line":627,"column":2},"end":{"line":627,"column":51}}},"fnMap":{"0":{"name":"DumiDemo","decl":{"start":{"line":7,"column":24},"end":{"line":7,"column":32}},"loc":{"start":{"line":7,"column":32},"end":{"line":37,"column":1}}},"1":{"name":"_default","decl":{"start":{"line":16,"column":26},"end":{"line":16,"column":34}},"loc":{"start":{"line":16,"column":34},"end":{"line":34,"column":3}}},"2":{"name":"target","decl":{"start":{"line":28,"column":23},"end":{"line":28,"column":29}},"loc":{"start":{"line":28,"column":29},"end":{"line":30,"column":7}}},"3":{"name":"DumiDemo","decl":{"start":{"line":41,"column":24},"end":{"line":41,"column":32}},"loc":{"start":{"line":41,"column":32},"end":{"line":67,"column":1}}},"4":{"name":"_default","decl":{"start":{"line":48,"column":26},"end":{"line":48,"column":34}},"loc":{"start":{"line":48,"column":34},"end":{"line":64,"column":3}}},"5":{"name":"onClose","decl":{"start":{"line":60,"column":24},"end":{"line":60,"column":31}},"loc":{"start":{"line":60,"column":31},"end":{"line":62,"column":7}}},"6":{"name":"DumiDemo","decl":{"start":{"line":71,"column":24},"end":{"line":71,"column":32}},"loc":{"start":{"line":71,"column":32},"end":{"line":105,"column":1}}},"7":{"name":"_default","decl":{"start":{"line":87,"column":26},"end":{"line":87,"column":34}},"loc":{"start":{"line":87,"column":34},"end":{"line":101,"column":3}}},"8":{"name":"onClick","decl":{"start":{"line":89,"column":24},"end":{"line":89,"column":31}},"loc":{"start":{"line":89,"column":31},"end":{"line":91,"column":7}}},"9":{"name":"onClick","decl":{"start":{"line":93,"column":24},"end":{"line":93,"column":31}},"loc":{"start":{"line":93,"column":31},"end":{"line":95,"column":7}}},"10":{"name":"onClick","decl":{"start":{"line":97,"column":24},"end":{"line":97,"column":31}},"loc":{"start":{"line":97,"column":31},"end":{"line":99,"column":7}}},"11":{"name":"DumiDemo","decl":{"start":{"line":109,"column":24},"end":{"line":109,"column":32}},"loc":{"start":{"line":109,"column":32},"end":{"line":132,"column":1}}},"12":{"name":"_default","decl":{"start":{"line":116,"column":26},"end":{"line":116,"column":34}},"loc":{"start":{"line":116,"column":34},"end":{"line":129,"column":3}}},"13":{"name":"DumiDemo","decl":{"start":{"line":136,"column":24},"end":{"line":136,"column":32}},"loc":{"start":{"line":136,"column":32},"end":{"line":150,"column":1}}},"14":{"name":"_default","decl":{"start":{"line":143,"column":26},"end":{"line":143,"column":34}},"loc":{"start":{"line":143,"column":34},"end":{"line":147,"column":3}}},"15":{"name":"DumiDemo","decl":{"start":{"line":154,"column":24},"end":{"line":154,"column":32}},"loc":{"start":{"line":154,"column":32},"end":{"line":180,"column":1}}},"16":{"name":"_default","decl":{"start":{"line":161,"column":26},"end":{"line":161,"column":34}},"loc":{"start":{"line":161,"column":34},"end":{"line":177,"column":3}}},"17":{"name":"DumiDemo","decl":{"start":{"line":184,"column":24},"end":{"line":184,"column":32}},"loc":{"start":{"line":184,"column":32},"end":{"line":202,"column":1}}},"18":{"name":"_default","decl":{"start":{"line":191,"column":26},"end":{"line":191,"column":34}},"loc":{"start":{"line":191,"column":34},"end":{"line":199,"column":3}}},"19":{"name":"onChange","decl":{"start":{"line":194,"column":25},"end":{"line":194,"column":33}},"loc":{"start":{"line":194,"column":35},"end":{"line":196,"column":7}}},"20":{"name":"DumiDemo","decl":{"start":{"line":206,"column":24},"end":{"line":206,"column":32}},"loc":{"start":{"line":206,"column":32},"end":{"line":218,"column":1}}},"21":{"name":"_default","decl":{"start":{"line":213,"column":26},"end":{"line":213,"column":34}},"loc":{"start":{"line":213,"column":34},"end":{"line":215,"column":3}}},"22":{"name":"DumiDemo","decl":{"start":{"line":222,"column":24},"end":{"line":222,"column":32}},"loc":{"start":{"line":222,"column":32},"end":{"line":240,"column":1}}},"23":{"name":"_default","decl":{"start":{"line":229,"column":26},"end":{"line":229,"column":34}},"loc":{"start":{"line":229,"column":34},"end":{"line":237,"column":3}}},"24":{"name":"DumiDemo","decl":{"start":{"line":244,"column":24},"end":{"line":244,"column":32}},"loc":{"start":{"line":244,"column":32},"end":{"line":258,"column":1}}},"25":{"name":"_default","decl":{"start":{"line":251,"column":26},"end":{"line":251,"column":34}},"loc":{"start":{"line":251,"column":34},"end":{"line":255,"column":3}}},"26":{"name":"DumiDemo","decl":{"start":{"line":262,"column":24},"end":{"line":262,"column":32}},"loc":{"start":{"line":262,"column":32},"end":{"line":283,"column":1}}},"27":{"name":"_default","decl":{"start":{"line":271,"column":26},"end":{"line":271,"column":34}},"loc":{"start":{"line":271,"column":34},"end":{"line":280,"column":3}}},"28":{"name":"DumiDemo","decl":{"start":{"line":287,"column":24},"end":{"line":287,"column":32}},"loc":{"start":{"line":287,"column":32},"end":{"line":316,"column":1}}},"29":{"name":"_default","decl":{"start":{"line":296,"column":26},"end":{"line":296,"column":34}},"loc":{"start":{"line":296,"column":34},"end":{"line":313,"column":3}}},"30":{"name":"(anonymous_30)","decl":{"start":{"line":302,"column":15},"end":{"line":302,"column":null}},"loc":{"start":{"line":302,"column":15},"end":{"line":304,"column":5}}},"31":{"name":"DumiDemo","decl":{"start":{"line":320,"column":24},"end":{"line":320,"column":32}},"loc":{"start":{"line":320,"column":32},"end":{"line":338,"column":1}}},"32":{"name":"_default","decl":{"start":{"line":327,"column":26},"end":{"line":327,"column":34}},"loc":{"start":{"line":327,"column":34},"end":{"line":335,"column":3}}},"33":{"name":"DumiDemo","decl":{"start":{"line":342,"column":24},"end":{"line":342,"column":32}},"loc":{"start":{"line":342,"column":32},"end":{"line":364,"column":1}}},"34":{"name":"_default","decl":{"start":{"line":349,"column":26},"end":{"line":349,"column":34}},"loc":{"start":{"line":349,"column":34},"end":{"line":361,"column":3}}},"35":{"name":"DumiDemo","decl":{"start":{"line":368,"column":24},"end":{"line":368,"column":32}},"loc":{"start":{"line":368,"column":32},"end":{"line":386,"column":1}}},"36":{"name":"_default","decl":{"start":{"line":375,"column":26},"end":{"line":375,"column":34}},"loc":{"start":{"line":375,"column":34},"end":{"line":383,"column":3}}},"37":{"name":"DumiDemo","decl":{"start":{"line":390,"column":24},"end":{"line":390,"column":32}},"loc":{"start":{"line":390,"column":32},"end":{"line":421,"column":1}}},"38":{"name":"_default","decl":{"start":{"line":399,"column":26},"end":{"line":399,"column":34}},"loc":{"start":{"line":399,"column":34},"end":{"line":418,"column":3}}},"39":{"name":"onChange","decl":{"start":{"line":408,"column":25},"end":{"line":408,"column":33}},"loc":{"start":{"line":408,"column":35},"end":{"line":410,"column":7}}},"40":{"name":"onChange","decl":{"start":{"line":414,"column":25},"end":{"line":414,"column":33}},"loc":{"start":{"line":414,"column":35},"end":{"line":416,"column":7}}},"41":{"name":"DumiDemo","decl":{"start":{"line":425,"column":24},"end":{"line":425,"column":32}},"loc":{"start":{"line":425,"column":32},"end":{"line":437,"column":1}}},"42":{"name":"_default","decl":{"start":{"line":432,"column":26},"end":{"line":432,"column":34}},"loc":{"start":{"line":432,"column":34},"end":{"line":434,"column":3}}},"43":{"name":"DumiDemo","decl":{"start":{"line":441,"column":24},"end":{"line":441,"column":32}},"loc":{"start":{"line":441,"column":32},"end":{"line":462,"column":1}}},"44":{"name":"_default","decl":{"start":{"line":455,"column":26},"end":{"line":455,"column":34}},"loc":{"start":{"line":455,"column":34},"end":{"line":459,"column":3}}},"45":{"name":"DumiDemo","decl":{"start":{"line":466,"column":24},"end":{"line":466,"column":32}},"loc":{"start":{"line":466,"column":32},"end":{"line":482,"column":1}}},"46":{"name":"_default","decl":{"start":{"line":473,"column":26},"end":{"line":473,"column":34}},"loc":{"start":{"line":473,"column":34},"end":{"line":479,"column":3}}},"47":{"name":"DumiDemo","decl":{"start":{"line":486,"column":24},"end":{"line":486,"column":32}},"loc":{"start":{"line":486,"column":32},"end":{"line":508,"column":1}}},"48":{"name":"_default","decl":{"start":{"line":493,"column":26},"end":{"line":493,"column":34}},"loc":{"start":{"line":493,"column":34},"end":{"line":505,"column":3}}},"49":{"name":"DumiDemo","decl":{"start":{"line":512,"column":24},"end":{"line":512,"column":32}},"loc":{"start":{"line":512,"column":32},"end":{"line":571,"column":1}}},"50":{"name":"_default","decl":{"start":{"line":521,"column":26},"end":{"line":521,"column":34}},"loc":{"start":{"line":521,"column":34},"end":{"line":568,"column":3}}},"51":{"name":"handleClose","decl":{"start":{"line":551,"column":31},"end":{"line":551,"column":42}},"loc":{"start":{"line":551,"column":46},"end":{"line":556,"column":5}}},"52":{"name":"(anonymous_52)","decl":{"start":{"line":552,"column":32},"end":{"line":552,"column":42}},"loc":{"start":{"line":552,"column":44},"end":{"line":554,"column":7}}},"53":{"name":"(anonymous_53)","decl":{"start":{"line":558,"column":99},"end":{"line":558,"column":109}},"loc":{"start":{"line":558,"column":112},"end":{"line":567,"column":5}}},"54":{"name":"onClose","decl":{"start":{"line":563,"column":26},"end":{"line":563,"column":33}},"loc":{"start":{"line":563,"column":33},"end":{"line":565,"column":9}}},"55":{"name":"DumiDemo","decl":{"start":{"line":575,"column":24},"end":{"line":575,"column":32}},"loc":{"start":{"line":575,"column":32},"end":{"line":597,"column":1}}},"56":{"name":"_default","decl":{"start":{"line":584,"column":26},"end":{"line":584,"column":34}},"loc":{"start":{"line":584,"column":34},"end":{"line":594,"column":3}}},"57":{"name":"(anonymous_57)","decl":{"start":{"line":585,"column":101},"end":{"line":585,"column":111}},"loc":{"start":{"line":585,"column":116},"end":{"line":593,"column":5}}},"58":{"name":"DumiDemo","decl":{"start":{"line":601,"column":24},"end":{"line":601,"column":32}},"loc":{"start":{"line":601,"column":32},"end":{"line":628,"column":1}}},"59":{"name":"handleChange","decl":{"start":{"line":610,"column":30},"end":{"line":610,"column":42}},"loc":{"start":{"line":610,"column":48},"end":{"line":612,"column":3}}},"60":{"name":"_default","decl":{"start":{"line":614,"column":26},"end":{"line":614,"column":34}},"loc":{"start":{"line":614,"column":34},"end":{"line":625,"column":3}}},"61":{"name":"(anonymous_61)","decl":{"start":{"line":619,"column":18},"end":{"line":619,"column":28}},"loc":{"start":{"line":619,"column":39},"end":{"line":624,"column":5}}}},"branchMap":{},"s":{"0":0,"1":0,"2":0,"3":0,"4":0,"5":0,"6":0,"7":0,"8":0,"9":0,"10":0,"11":0,"12":0,"13":0,"14":0,"15":0,"16":0,"17":0,"18":0,"19":0,"20":0,"21":0,"22":0,"23":0,"24":0,"25":0,"26":0,"27":0,"28":0,"29":0,"30":0,"31":0,"32":0,"33":0,"34":0,"35":0,"36":0,"37":0,"38":0,"39":0,"40":0,"41":0,"42":0,"43":0,"44":0,"45":0,"46":0,"47":0,"48":0,"49":0,"50":0,"51":0,"52":0,"53":0,"54":0,"55":0,"56":0,"57":0,"58":0,"59":0,"60":0,"61":0,"62":0,"63":0,"64":0,"65":0,"66":0,"67":0,"68":0,"69":0,"70":0,"71":0,"72":0,"73":0,"74":0,"75":0,"76":0,"77":0,"78":0,"79":0,"80":0,"81":0,"82":0,"83":0,"84":0,"85":0,"86":0,"87":0,"88":0,"89":0,"90":0,"91":0,"92":0,"93":0,"94":0,"95":0,"96":0,"97":0,"98":0,"99":0,"100":0,"101":0,"102":0,"103":0,"104":0,"105":0,"106":0,"107":0,"108":0,"109":0,"110":0,"111":0,"112":0,"113":0,"114":0,"115":0,"116":0,"117":0,"118":0,"119":0,"120":0,"121":0,"122":0,"123":0,"124":0,"125":0,"126":0,"127":0,"128":0,"129":0,"130":0,"131":0,"132":0,"133":0,"134":0,"135":0,"136":0,"137":0,"138":0,"139":0,"140":0,"141":0,"142":0,"143":0,"144":0,"145":0,"146":0,"147":0,"148":0,"149":0,"150":0,"151":0,"152":0,"153":0,"154":0,"155":0,"156":0,"157":0,"158":0,"159":0,"160":0,"161":0,"162":0,"163":0,"164":0,"165":0,"166":0,"167":0,"168":0,"169":0,"170":0,"171":0,"172":0,"173":0,"174":0,"175":0,"176":0,"177":0,"178":0,"179":0,"180":0,"181":0,"182":0,"183":0,"184":0,"185":0,"186":0,"187":0,"188":0,"189":0,"190":0,"191":0,"192":0,"193":0,"194":0,"195":0,"196":0},"f":{"0":0,"1":0,"2":0,"3":0,"4":0,"5":0,"6":0,"7":0,"8":0,"9":0,"10":0,"11":0,"12":0,"13":0,"14":0,"15":0,"16":0,"17":0,"18":0,"19":0,"20":0,"21":0,"22":0,"23":0,"24":0,"25":0,"26":0,"27":0,"28":0,"29":0,"30":0,"31":0,"32":0,"33":0,"34":0,"35":0,"36":0,"37":0,"38":0,"39":0,"40":0,"41":0,"42":0,"43":0,"44":0,"45":0,"46":0,"47":0,"48":0,"49":0,"50":0,"51":0,"52":0,"53":0,"54":0,"55":0,"56":0,"57":0,"58":0,"59":0,"60":0,"61":0},"b":{}}
,"/Users/xyx650/Documents/kenshin/src/_base/component.tsx": {"path":"/Users/xyx650/Documents/kenshin/src/_base/component.tsx","statementMap":{"0":{"start":{"line":1,"column":0},"end":{"line":1,"column":30}},"1":{"start":{"line":2,"column":0},"end":{"line":2,"column":49}},"2":{"start":{"line":17,"column":4},"end":{"line":17,"column":null}},"3":{"start":{"line":21,"column":4},"end":{"line":21,"column":null}},"4":{"start":{"line":25,"column":26},"end":{"line":25,"column":36}},"5":{"start":{"line":26,"column":4},"end":{"line":26,"column":null}},"6":{"start":{"line":30,"column":27},"end":{"line":30,"column":37}},"7":{"start":{"line":31,"column":4},"end":{"line":31,"column":null}},"8":{"start":{"line":15,"column":0},"end":{"line":15,"column":21}},"9":{"start":{"line":36,"column":2},"end":{"line":36,"column":null}},"10":{"start":{"line":35,"column":0},"end":{"line":35,"column":16}},"11":{"start":{"line":40,"column":24},"end":{"line":40,"column":34}},"12":{"start":{"line":41,"column":2},"end":{"line":41,"column":null}},"13":{"start":{"line":39,"column":0},"end":{"line":39,"column":16}},"14":{"start":{"line":45,"column":25},"end":{"line":45,"column":35}},"15":{"start":{"line":46,"column":2},"end":{"line":46,"column":null}},"16":{"start":{"line":44,"column":0},"end":{"line":44,"column":16}}},"fnMap":{"0":{"name":"(anonymous_0)","decl":{"start":{"line":16,"column":2},"end":{"line":16,"column":14}},"loc":{"start":{"line":16,"column":22},"end":{"line":18,"column":3}}},"1":{"name":"(anonymous_1)","decl":{"start":{"line":20,"column":2},"end":{"line":20,"column":12}},"loc":{"start":{"line":20,"column":32},"end":{"line":22,"column":3}}},"2":{"name":"(anonymous_2)","decl":{"start":{"line":24,"column":2},"end":{"line":24,"column":11}},"loc":{"start":{"line":24,"column":31},"end":{"line":27,"column":3}}},"3":{"name":"(anonymous_3)","decl":{"start":{"line":29,"column":2},"end":{"line":29,"column":7}},"loc":{"start":{"line":29,"column":45},"end":{"line":32,"column":3}}},"4":{"name":"classNames","decl":{"start":{"line":35,"column":16},"end":{"line":35,"column":26}},"loc":{"start":{"line":35,"column":46},"end":{"line":37,"column":1}}},"5":{"name":"className","decl":{"start":{"line":39,"column":16},"end":{"line":39,"column":25}},"loc":{"start":{"line":39,"column":87},"end":{"line":42,"column":1}}},"6":{"name":"style","decl":{"start":{"line":44,"column":16},"end":{"line":44,"column":21}},"loc":{"start":{"line":44,"column":101},"end":{"line":47,"column":1}}}},"branchMap":{"0":{"loc":{"start":{"line":29,"column":43},"end":{"line":29,"column":45}},"type":"default-arg","locations":[{"start":{"line":29,"column":43},"end":{"line":29,"column":45}}]},"1":{"loc":{"start":{"line":30,"column":20},"end":{"line":30,"column":22}},"type":"default-arg","locations":[{"start":{"line":30,"column":20},"end":{"line":30,"column":22}}]},"2":{"loc":{"start":{"line":44,"column":99},"end":{"line":44,"column":101}},"type":"default-arg","locations":[{"start":{"line":44,"column":99},"end":{"line":44,"column":101}}]},"3":{"loc":{"start":{"line":45,"column":18},"end":{"line":45,"column":20}},"type":"default-arg","locations":[{"start":{"line":45,"column":18},"end":{"line":45,"column":20}}]}},"s":{"0":0,"1":0,"2":0,"3":0,"4":0,"5":0,"6":0,"7":0,"8":0,"9":0,"10":0,"11":0,"12":0,"13":0,"14":0,"15":0,"16":0},"f":{"0":0,"1":0,"2":0,"3":0,"4":0,"5":0,"6":0},"b":{"0":[0],"1":[0],"2":[0],"3":[0]}}
,"/Users/xyx650/Documents/kenshin/src/_base/view.tsx": {"path":"/Users/xyx650/Documents/kenshin/src/_base/view.tsx","statementMap":{"0":{"start":{"line":1,"column":0},"end":{"line":1,"column":30}},"1":{"start":{"line":11,"column":34},"end":{"line":29,"column":1}},"2":{"start":{"line":12,"column":52},"end":{"line":12,"column":57}},"3":{"start":{"line":13,"column":16},"end":{"line":13,"column":78}},"4":{"start":{"line":14,"column":2},"end":{"line":16,"column":null}},"5":{"start":{"line":15,"column":4},"end":{"line":15,"column":null}},"6":{"start":{"line":17,"column":21},"end":{"line":17,"column":23}},"7":{"start":{"line":18,"column":2},"end":{"line":20,"column":null}},"8":{"start":{"line":19,"column":4},"end":{"line":19,"column":null}},"9":{"start":{"line":21,"column":2},"end":{"line":23,"column":null}},"10":{"start":{"line":22,"column":4},"end":{"line":22,"column":null}},"11":{"start":{"line":24,"column":14},"end":{"line":27,"column":null}},"12":{"start":{"line":28,"column":2},"end":{"line":28,"column":null}},"13":{"start":{"line":31,"column":0},"end":{"line":31,"column":null}}},"fnMap":{"0":{"name":"(anonymous_0)","decl":{"start":{"line":11,"column":34},"end":{"line":11,"column":39}},"loc":{"start":{"line":11,"column":42},"end":{"line":29,"column":1}}}},"branchMap":{"0":{"loc":{"start":{"line":12,"column":17},"end":{"line":12,"column":21}},"type":"default-arg","locations":[{"start":{"line":12,"column":17},"end":{"line":12,"column":21}}]},"1":{"loc":{"start":{"line":12,"column":35},"end":{"line":12,"column":37}},"type":"default-arg","locations":[{"start":{"line":12,"column":35},"end":{"line":12,"column":37}}]},"2":{"loc":{"start":{"line":14,"column":2},"end":{"line":16,"column":null}},"type":"if","locations":[{"start":{"line":14,"column":2},"end":{"line":16,"column":null}},{"start":{"line":14,"column":2},"end":{"line":16,"column":null}}]},"3":{"loc":{"start":{"line":18,"column":2},"end":{"line":20,"column":null}},"type":"if","locations":[{"start":{"line":18,"column":2},"end":{"line":20,"column":null}},{"start":{"line":18,"column":2},"end":{"line":20,"column":null}}]},"4":{"loc":{"start":{"line":21,"column":2},"end":{"line":23,"column":null}},"type":"if","locations":[{"start":{"line":21,"column":2},"end":{"line":23,"column":null}},{"start":{"line":21,"column":2},"end":{"line":23,"column":null}}]}},"s":{"0":0,"1":0,"2":0,"3":0,"4":0,"5":0,"6":0,"7":0,"8":0,"9":0,"10":0,"11":0,"12":0,"13":0},"f":{"0":0},"b":{"0":[0],"1":[0],"2":[0,0],"3":[0,0],"4":[0,0]}}
,"/Users/xyx650/Documents/kenshin/src/_util/colors.ts": {"path":"/Users/xyx650/Documents/kenshin/src/_util/colors.ts","statementMap":{"0":{"start":{"line":3,"column":13},"end":{"line":3,"column":null}},"1":{"start":{"line":4,"column":13},"end":{"line":4,"column":null}}},"fnMap":{},"branchMap":{},"s":{"0":0,"1":0},"f":{},"b":{}}
,"/Users/xyx650/Documents/kenshin/src/_util/reactNode.ts": {"path":"/Users/xyx650/Documents/kenshin/src/_util/reactNode.ts","statementMap":{"0":{"start":{"line":1,"column":0},"end":{"line":1,"column":30}},"1":{"start":{"line":3,"column":15},"end":{"line":3,"column":null}},"2":{"start":{"line":14,"column":2},"end":{"line":14,"column":null}},"3":{"start":{"line":14,"column":32},"end":{"line":14,"column":null}},"4":{"start":{"line":16,"column":2},"end":{"line":19,"column":null}},"5":{"start":{"line":9,"column":0},"end":{"line":9,"column":16}},"6":{"start":{"line":23,"column":2},"end":{"line":23,"column":null}},"7":{"start":{"line":22,"column":0},"end":{"line":22,"column":16}}},"fnMap":{"0":{"name":"replaceElement","decl":{"start":{"line":9,"column":16},"end":{"line":9,"column":30}},"loc":{"start":{"line":12,"column":20},"end":{"line":20,"column":1}}},"1":{"name":"cloneElement","decl":{"start":{"line":22,"column":16},"end":{"line":22,"column":28}},"loc":{"start":{"line":22,"column":74},"end":{"line":24,"column":1}}}},"branchMap":{"0":{"loc":{"start":{"line":14,"column":2},"end":{"line":14,"column":null}},"type":"if","locations":[{"start":{"line":14,"column":2},"end":{"line":14,"column":null}},{"start":{"line":14,"column":2},"end":{"line":14,"column":null}}]},"1":{"loc":{"start":{"line":18,"column":34},"end":{"line":18,"column":60}},"type":"cond-expr","locations":[{"start":{"line":18,"column":34},"end":{"line":18,"column":60}},{"start":{"line":18,"column":63},"end":{"line":18,"column":68}}]},"2":{"loc":{"start":{"line":18,"column":40},"end":{"line":18,"column":53}},"type":"binary-expr","locations":[{"start":{"line":18,"column":40},"end":{"line":18,"column":53}},{"start":{"line":18,"column":57},"end":{"line":18,"column":59}}]}},"s":{"0":0,"1":0,"2":0,"3":0,"4":0,"5":0,"6":0,"7":0},"f":{"0":0,"1":0},"b":{"0":[0,0],"1":[0,0],"2":[0,0]}}
,"/Users/xyx650/Documents/kenshin/src/_util/throttleByAnimationFrameDecorator.ts": {"path":"/Users/xyx650/Documents/kenshin/src/_util/throttleByAnimationFrameDecorator.ts","statementMap":{"0":{"start":{"line":1,"column":0},"end":{"line":1,"column":33}},"1":{"start":{"line":7,"column":16},"end":{"line":10,"column":3}},"2":{"start":{"line":7,"column":33},"end":{"line":10,"column":3}},"3":{"start":{"line":8,"column":4},"end":{"line":8,"column":null}},"4":{"start":{"line":9,"column":4},"end":{"line":9,"column":null}},"5":{"start":{"line":12,"column":20},"end":{"line":16,"column":3}},"6":{"start":{"line":13,"column":4},"end":{"line":15,"column":null}},"7":{"start":{"line":14,"column":6},"end":{"line":14,"column":null}},"8":{"start":{"line":18,"column":3},"end":{"line":18,"column":null}},"9":{"start":{"line":18,"column":36},"end":{"line":18,"column":58}},"10":{"start":{"line":20,"column":2},"end":{"line":20,"column":null}},"11":{"start":{"line":4,"column":0},"end":{"line":4,"column":16}},"12":{"start":{"line":25,"column":2},"end":{"line":46,"column":null}},"13":{"start":{"line":26,"column":15},"end":{"line":26,"column":31}},"14":{"start":{"line":27,"column":27},"end":{"line":27,"column":32}},"15":{"start":{"line":28,"column":4},"end":{"line":45,"column":null}},"16":{"start":{"line":31,"column":8},"end":{"line":33,"column":null}},"17":{"start":{"line":32,"column":10},"end":{"line":32,"column":null}},"18":{"start":{"line":35,"column":24},"end":{"line":35,"column":63}},"19":{"start":{"line":36,"column":8},"end":{"line":36,"column":null}},"20":{"start":{"line":37,"column":8},"end":{"line":41,"column":null}},"21":{"start":{"line":42,"column":8},"end":{"line":42,"column":null}},"22":{"start":{"line":43,"column":8},"end":{"line":43,"column":null}},"23":{"start":{"line":24,"column":0},"end":{"line":24,"column":16}}},"fnMap":{"0":{"name":"throttleByAnimationFrame","decl":{"start":{"line":4,"column":16},"end":{"line":4,"column":40}},"loc":{"start":{"line":4,"column":69},"end":{"line":21,"column":1}}},"1":{"name":"(anonymous_1)","decl":{"start":{"line":7,"column":16},"end":{"line":7,"column":17}},"loc":{"start":{"line":7,"column":33},"end":{"line":10,"column":3}}},"2":{"name":"(anonymous_2)","decl":{"start":{"line":7,"column":33},"end":{"line":7,"column":36}},"loc":{"start":{"line":7,"column":38},"end":{"line":10,"column":3}}},"3":{"name":"(anonymous_3)","decl":{"start":{"line":12,"column":20},"end":{"line":12,"column":21}},"loc":{"start":{"line":12,"column":39},"end":{"line":16,"column":3}}},"4":{"name":"(anonymous_4)","decl":{"start":{"line":18,"column":30},"end":{"line":18,"column":33}},"loc":{"start":{"line":18,"column":36},"end":{"line":18,"column":58}}},"5":{"name":"throttleByAnimationFrameDecorator","decl":{"start":{"line":24,"column":16},"end":{"line":24,"column":49}},"loc":{"start":{"line":24,"column":49},"end":{"line":47,"column":1}}},"6":{"name":"throttle","decl":{"start":{"line":25,"column":18},"end":{"line":25,"column":26}},"loc":{"start":{"line":25,"column":68},"end":{"line":46,"column":3}}},"7":{"name":"(anonymous_7)","decl":{"start":{"line":30,"column":6},"end":{"line":30,"column":9}},"loc":{"start":{"line":30,"column":9},"end":{"line":44,"column":7}}}},"branchMap":{"0":{"loc":{"start":{"line":13,"column":4},"end":{"line":15,"column":null}},"type":"if","locations":[{"start":{"line":13,"column":4},"end":{"line":15,"column":null}},{"start":{"line":13,"column":4},"end":{"line":15,"column":null}}]},"1":{"loc":{"start":{"line":31,"column":8},"end":{"line":33,"column":null}},"type":"if","locations":[{"start":{"line":31,"column":8},"end":{"line":33,"column":null}},{"start":{"line":31,"column":8},"end":{"line":33,"column":null}}]},"2":{"loc":{"start":{"line":31,"column":12},"end":{"line":31,"column":28}},"type":"binary-expr","locations":[{"start":{"line":31,"column":12},"end":{"line":31,"column":28}},{"start":{"line":31,"column":32},"end":{"line":31,"column":57}},{"start":{"line":31,"column":61},"end":{"line":31,"column":85}}]}},"s":{"0":0,"1":0,"2":0,"3":0,"4":0,"5":0,"6":0,"7":0,"8":0,"9":0,"10":0,"11":0,"12":0,"13":0,"14":0,"15":0,"16":0,"17":0,"18":0,"19":0,"20":0,"21":0,"22":0,"23":0},"f":{"0":0,"1":0,"2":0,"3":0,"4":0,"5":0,"6":0,"7":0},"b":{"0":[0,0],"1":[0,0],"2":[0,0,0]}}
,"/Users/xyx650/Documents/kenshin/src/affix/affix.tsx": {"path":"/Users/xyx650/Documents/kenshin/src/affix/affix.tsx","statementMap":{"0":{"start":{"line":1,"column":0},"end":{"line":1,"column":30}},"1":{"start":{"line":2,"column":0},"end":{"line":2,"column":35}},"2":{"start":{"line":3,"column":0},"end":{"line":3,"column":35}},"3":{"start":{"line":4,"column":0},"end":{"line":4,"column":47}},"4":{"start":{"line":5,"column":0},"end":{"line":5,"column":93}},"5":{"start":{"line":7,"column":0},"end":{"line":7,"column":null}},"6":{"start":{"line":29,"column":0},"end":{"line":29,"column":null}},"7":{"start":{"line":30,"column":2},"end":{"line":30,"column":null}},"8":{"start":{"line":31,"column":2},"end":{"line":31,"column":null}},"9":{"start":{"line":45,"column":2},"end":{"line":45,"column":null}},"10":{"start":{"line":50,"column":2},"end":{"line":54,"column":null}},"11":{"start":{"line":55,"column":10},"end":{"line":55,"column":null}},"12":{"start":{"line":57,"column":10},"end":{"line":57,"column":null}},"13":{"start":{"line":60,"column":10},"end":{"line":60,"column":null}},"14":{"start":{"line":116,"column":2},"end":{"line":123,"column":null}},"15":{"start":{"line":117,"column":29},"end":{"line":117,"column":39}},"16":{"start":{"line":118,"column":24},"end":{"line":118,"column":34}},"17":{"start":{"line":119,"column":4},"end":{"line":121,"column":null}},"18":{"start":{"line":120,"column":6},"end":{"line":120,"column":null}},"19":{"start":{"line":122,"column":4},"end":{"line":122,"column":null}},"20":{"start":{"line":125,"column":2},"end":{"line":125,"column":null}},"21":{"start":{"line":125,"column":26},"end":{"line":125,"column":49}},"22":{"start":{"line":128,"column":2},"end":{"line":182,"column":null}},"23":{"start":{"line":129,"column":34},"end":{"line":129,"column":44}},"24":{"start":{"line":130,"column":25},"end":{"line":130,"column":35}},"25":{"start":{"line":131,"column":23},"end":{"line":131,"column":43}},"26":{"start":{"line":132,"column":4},"end":{"line":134,"column":null}},"27":{"start":{"line":133,"column":6},"end":{"line":133,"column":12}},"28":{"start":{"line":136,"column":22},"end":{"line":136,"column":41}},"29":{"start":{"line":137,"column":25},"end":{"line":137,"column":47}},"30":{"start":{"line":139,"column":23},"end":{"line":139,"column":35}},"31":{"start":{"line":140,"column":4},"end":{"line":142,"column":null}},"32":{"start":{"line":141,"column":6},"end":{"line":141,"column":12}},"33":{"start":{"line":144,"column":42},"end":{"line":146,"column":null}},"34":{"start":{"line":147,"column":23},"end":{"line":147,"column":48}},"35":{"start":{"line":148,"column":29},"end":{"line":148,"column":72}},"36":{"start":{"line":149,"column":21},"end":{"line":149,"column":73}},"37":{"start":{"line":150,"column":24},"end":{"line":150,"column":82}},"38":{"start":{"line":152,"column":4},"end":{"line":174,"column":null}},"39":{"start":{"line":153,"column":6},"end":{"line":158,"column":null}},"40":{"start":{"line":159,"column":6},"end":{"line":162,"column":null}},"41":{"start":{"line":163,"column":11},"end":{"line":174,"column":null}},"42":{"start":{"line":164,"column":6},"end":{"line":169,"column":null}},"43":{"start":{"line":170,"column":6},"end":{"line":173,"column":null}},"44":{"start":{"line":176,"column":4},"end":{"line":176,"column":null}},"45":{"start":{"line":177,"column":4},"end":{"line":179,"column":null}},"46":{"start":{"line":178,"column":6},"end":{"line":178,"column":null}},"47":{"start":{"line":181,"column":4},"end":{"line":181,"column":null}},"48":{"start":{"line":185,"column":2},"end":{"line":191,"column":null}},"49":{"start":{"line":186,"column":4},"end":{"line":190,"column":null}},"50":{"start":{"line":64,"column":23},"end":{"line":64,"column":33}},"51":{"start":{"line":65,"column":4},"end":{"line":67,"column":null}},"52":{"start":{"line":66,"column":6},"end":{"line":66,"column":null}},"53":{"start":{"line":68,"column":4},"end":{"line":68,"column":null}},"54":{"start":{"line":73,"column":23},"end":{"line":73,"column":43}},"55":{"start":{"line":74,"column":4},"end":{"line":79,"column":null}},"56":{"start":{"line":75,"column":6},"end":{"line":78,"column":null}},"57":{"start":{"line":76,"column":8},"end":{"line":76,"column":null}},"58":{"start":{"line":77,"column":8},"end":{"line":77,"column":null}},"59":{"start":{"line":84,"column":27},"end":{"line":84,"column":37}},"60":{"start":{"line":85,"column":23},"end":{"line":85,"column":43}},"61":{"start":{"line":86,"column":20},"end":{"line":86,"column":24}},"62":{"start":{"line":87,"column":4},"end":{"line":89,"column":null}},"63":{"start":{"line":88,"column":6},"end":{"line":88,"column":null}},"64":{"start":{"line":91,"column":4},"end":{"line":98,"column":null}},"65":{"start":{"line":92,"column":6},"end":{"line":92,"column":null}},"66":{"start":{"line":93,"column":6},"end":{"line":96,"column":null}},"67":{"start":{"line":94,"column":8},"end":{"line":94,"column":null}},"68":{"start":{"line":95,"column":8},"end":{"line":95,"column":null}},"69":{"start":{"line":97,"column":6},"end":{"line":97,"column":null}},"70":{"start":{"line":100,"column":4},"end":{"line":102,"column":null}},"71":{"start":{"line":101,"column":6},"end":{"line":101,"column":null}},"72":{"start":{"line":104,"column":4},"end":{"line":104,"column":null}},"73":{"start":{"line":109,"column":4},"end":{"line":109,"column":null}},"74":{"start":{"line":110,"column":4},"end":{"line":110,"column":null}},"75":{"start":{"line":112,"column":6},"end":{"line":112,"column":null}},"76":{"start":{"line":113,"column":6},"end":{"line":113,"column":null}},"77":{"start":{"line":196,"column":4},"end":{"line":196,"column":null}},"78":{"start":{"line":201,"column":23},"end":{"line":201,"column":43}},"79":{"start":{"line":202,"column":27},"end":{"line":202,"column":37}},"80":{"start":{"line":204,"column":4},"end":{"line":222,"column":null}},"81":{"start":{"line":205,"column":24},"end":{"line":205,"column":43}},"82":{"start":{"line":206,"column":27},"end":{"line":206,"column":49}},"83":{"start":{"line":208,"column":25},"end":{"line":208,"column":37}},"84":{"start":{"line":209,"column":6},"end":{"line":221,"column":null}},"85":{"start":{"line":210,"column":27},"end":{"line":210,"column":52}},"86":{"start":{"line":211,"column":33},"end":{"line":211,"column":76}},"87":{"start":{"line":212,"column":25},"end":{"line":212,"column":77}},"88":{"start":{"line":213,"column":28},"end":{"line":213,"column":86}},"89":{"start":{"line":215,"column":8},"end":{"line":220,"column":null}},"90":{"start":{"line":219,"column":10},"end":{"line":219,"column":16}},"91":{"start":{"line":223,"column":4},"end":{"line":223,"column":null}},"92":{"start":{"line":227,"column":45},"end":{"line":227,"column":55}},"93":{"start":{"line":228,"column":25},"end":{"line":228,"column":35}},"94":{"start":{"line":229,"column":22},"end":{"line":229,"column":65}},"95":{"start":{"line":232,"column":18},"end":{"line":232,"column":87}},"96":{"start":{"line":234,"column":4},"end":{"line":243,"column":null}},"97":{"start":{"line":234,"column":44},"end":{"line":234,"column":66}},"98":{"start":{"line":238,"column":43},"end":{"line":238,"column":65}},"99":{"start":{"line":195,"column":2},"end":{"line":197,"column":null}},"100":{"start":{"line":200,"column":2},"end":{"line":224,"column":null}},"101":{"start":{"line":49,"column":0},"end":{"line":49,"column":21}}},"fnMap":{"0":{"name":"(anonymous_0)","decl":{"start":{"line":29,"column":0},"end":{"line":29,"column":5}},"loc":{"start":{"line":29,"column":16},"end":{"line":32,"column":1}}},"1":{"name":"getDefaultTarget","decl":{"start":{"line":44,"column":9},"end":{"line":44,"column":25}},"loc":{"start":{"line":44,"column":25},"end":{"line":46,"column":1}}},"2":{"name":"(anonymous_2)","decl":{"start":{"line":49,"column":0},"end":{"line":49,"column":21}},"loc":{"start":{"line":49,"column":0},"end":{"line":245,"column":1}}},"3":{"name":"(anonymous_3)","decl":{"start":{"line":116,"column":17},"end":{"line":116,"column":20}},"loc":{"start":{"line":116,"column":22},"end":{"line":123,"column":3}}},"4":{"name":"(anonymous_4)","decl":{"start":{"line":125,"column":20},"end":{"line":125,"column":23}},"loc":{"start":{"line":125,"column":26},"end":{"line":125,"column":49}}},"5":{"name":"(anonymous_5)","decl":{"start":{"line":128,"column":12},"end":{"line":128,"column":15}},"loc":{"start":{"line":128,"column":17},"end":{"line":182,"column":3}}},"6":{"name":"(anonymous_6)","decl":{"start":{"line":185,"column":19},"end":{"line":185,"column":22}},"loc":{"start":{"line":185,"column":24},"end":{"line":191,"column":3}}},"7":{"name":"(anonymous_7)","decl":{"start":{"line":63,"column":10},"end":{"line":63,"column":23}},"loc":{"start":{"line":63,"column":23},"end":{"line":69,"column":3}}},"8":{"name":"(anonymous_8)","decl":{"start":{"line":72,"column":2},"end":{"line":72,"column":19}},"loc":{"start":{"line":72,"column":19},"end":{"line":80,"column":3}}},"9":{"name":"(anonymous_9)","decl":{"start":{"line":75,"column":39},"end":{"line":75,"column":42}},"loc":{"start":{"line":75,"column":44},"end":{"line":78,"column":7}}},"10":{"name":"(anonymous_10)","decl":{"start":{"line":83,"column":2},"end":{"line":83,"column":20}},"loc":{"start":{"line":83,"column":42},"end":{"line":105,"column":3}}},"11":{"name":"(anonymous_11)","decl":{"start":{"line":108,"column":2},"end":{"line":108,"column":22}},"loc":{"start":{"line":108,"column":22},"end":{"line":114,"column":3}}},"12":{"name":"(anonymous_12)","decl":{"start":{"line":195,"column":2},"end":{"line":195,"column":16}},"loc":{"start":{"line":195,"column":16},"end":{"line":197,"column":3}}},"13":{"name":"(anonymous_13)","decl":{"start":{"line":200,"column":2},"end":{"line":200,"column":20}},"loc":{"start":{"line":200,"column":20},"end":{"line":224,"column":3}}},"14":{"name":"(anonymous_14)","decl":{"start":{"line":226,"column":2},"end":{"line":226,"column":8}},"loc":{"start":{"line":226,"column":8},"end":{"line":244,"column":3}}},"15":{"name":"(anonymous_15)","decl":{"start":{"line":234,"column":37},"end":{"line":234,"column":40}},"loc":{"start":{"line":234,"column":42},"end":{"line":234,"column":66}}},"16":{"name":"(anonymous_16)","decl":{"start":{"line":238,"column":36},"end":{"line":238,"column":39}},"loc":{"start":{"line":238,"column":41},"end":{"line":238,"column":65}}}},"branchMap":{"0":{"loc":{"start":{"line":29,"column":5},"end":{"line":29,"column":16}},"type":"binary-expr","locations":[{"start":{"line":29,"column":5},"end":{"line":29,"column":16}},{"start":{"line":29,"column":5},"end":{"line":29,"column":null}}]},"1":{"loc":{"start":{"line":45,"column":9},"end":{"line":45,"column":15}},"type":"binary-expr","locations":[{"start":{"line":45,"column":9},"end":{"line":45,"column":15}},{"start":{"line":45,"column":19},"end":{"line":45,"column":23}}]},"2":{"loc":{"start":{"line":119,"column":4},"end":{"line":121,"column":null}},"type":"if","locations":[{"start":{"line":119,"column":4},"end":{"line":121,"column":null}},{"start":{"line":119,"column":4},"end":{"line":121,"column":null}}]},"3":{"loc":{"start":{"line":119,"column":8},"end":{"line":119,"column":34}},"type":"binary-expr","locations":[{"start":{"line":119,"column":8},"end":{"line":119,"column":34}},{"start":{"line":119,"column":38},"end":{"line":119,"column":61}}]},"4":{"loc":{"start":{"line":132,"column":4},"end":{"line":134,"column":null}},"type":"if","locations":[{"start":{"line":132,"column":4},"end":{"line":134,"column":null}},{"start":{"line":132,"column":4},"end":{"line":134,"column":null}}]},"5":{"loc":{"start":{"line":132,"column":8},"end":{"line":132,"column":38}},"type":"binary-expr","locations":[{"start":{"line":132,"column":8},"end":{"line":132,"column":38}},{"start":{"line":132,"column":42},"end":{"line":132,"column":57}},{"start":{"line":132,"column":61},"end":{"line":132,"column":82}},{"start":{"line":132,"column":86},"end":{"line":132,"column":97}}]},"6":{"loc":{"start":{"line":140,"column":4},"end":{"line":142,"column":null}},"type":"if","locations":[{"start":{"line":140,"column":4},"end":{"line":142,"column":null}},{"start":{"line":140,"column":4},"end":{"line":142,"column":null}}]},"7":{"loc":{"start":{"line":152,"column":4},"end":{"line":174,"column":null}},"type":"if","locations":[{"start":{"line":152,"column":4},"end":{"line":174,"column":null}},{"start":{"line":152,"column":4},"end":{"line":174,"column":null}}]},"8":{"loc":{"start":{"line":163,"column":11},"end":{"line":174,"column":null}},"type":"if","locations":[{"start":{"line":163,"column":11},"end":{"line":174,"column":null}},{"start":{"line":163,"column":11},"end":{"line":174,"column":null}}]},"9":{"loc":{"start":{"line":177,"col
[...]
,"/Users/xyx650/Documents/kenshin/src/tooltip/index.tsx": {"path":"/Users/xyx650/Documents/kenshin/src/tooltip/index.tsx","statementMap":{"0":{"start":{"line":1,"column":0},"end":{"line":1,"column":31}},"1":{"start":{"line":3,"column":0},"end":{"line":3,"column":null}}},"fnMap":{},"branchMap":{},"s":{"0":0,"1":0},"f":{},"b":{}}
,"/Users/xyx650/Documents/kenshin/src/tooltip/placements.tsx": {"path":"/Users/xyx650/Documents/kenshin/src/tooltip/placements.tsx","statementMap":{"0":{"start":{"line":1,"column":0},"end":{"line":1,"column":54}},"1":{"start":{"line":5,"column":34},"end":{"line":8,"column":null}},"2":{"start":{"line":11,"column":35},"end":{"line":14,"column":null}},"3":{"start":{"line":17,"column":21},"end":{"line":17,"column":27}},"4":{"start":{"line":36,"column":2},"end":{"line":38,"column":null}},"5":{"start":{"line":37,"column":4},"end":{"line":37,"column":null}},"6":{"start":{"line":39,"column":2},"end":{"line":42,"column":null}},"7":{"start":{"line":35,"column":0},"end":{"line":35,"column":16}},"8":{"start":{"line":52,"column":6},"end":{"line":52,"column":12}},"9":{"start":{"line":54,"column":42},"end":{"line":103,"column":null}},"10":{"start":{"line":104,"column":2},"end":{"line":117,"column":null}},"11":{"start":{"line":105,"column":4},"end":{"line":114,"column":null}},"12":{"start":{"line":116,"column":4},"end":{"line":116,"column":null}},"13":{"start":{"line":118,"column":2},"end":{"line":118,"column":null}},"14":{"start":{"line":46,"column":0},"end":{"line":46,"column":24}}},"fnMap":{"0":{"name":"getOverflowOptions","decl":{"start":{"line":35,"column":16},"end":{"line":35,"column":34}},"loc":{"start":{"line":35,"column":80},"end":{"line":43,"column":1}}},"1":{"name":"getPlacements","decl":{"start":{"line":46,"column":24},"end":{"line":46,"column":37}},"loc":{"start":{"line":46,"column":62},"end":{"line":119,"column":1}}},"2":{"name":"(anonymous_2)","decl":{"start":{"line":104,"column":36},"end":{"line":104,"column":39}},"loc":{"start":{"line":104,"column":42},"end":{"line":117,"column":3}}}},"branchMap":{"0":{"loc":{"start":{"line":36,"column":2},"end":{"line":38,"column":null}},"type":"if","locations":[{"start":{"line":36,"column":2},"end":{"line":38,"column":null}},{"start":{"line":36,"column":2},"end":{"line":38,"column":null}}]},"1":{"loc":{"start":{"line":37,"column":32},"end":{"line":37,"column":57}},"type":"cond-expr","locations":[{"start":{"line":37,"column":32},"end":{"line":37,"column":57}},{"start":{"line":37,"column":60},"end":{"line":37,"column":86}}]},"2":{"loc":{"start":{"line":48,"column":17},"end":{"line":48,"column":18}},"type":"default-arg","locations":[{"start":{"line":48,"column":17},"end":{"line":48,"column":18}}]},"3":{"loc":{"start":{"line":49,"column":27},"end":{"line":49,"column":29}},"type":"default-arg","locations":[{"start":{"line":49,"column":27},"end":{"line":49,"column":29}}]},"4":{"loc":{"start":{"line":50,"column":25},"end":{"line":50,"column":26}},"type":"default-arg","locations":[{"start":{"line":50,"column":25},"end":{"line":50,"column":26}}]},"5":{"loc":{"start":{"line":106,"column":8},"end":{"line":110,"column":null}},"type":"cond-expr","locations":[{"start":{"line":106,"column":8},"end":{"line":110,"column":null}},{"start":{"line":111,"column":8},"end":{"line":114,"column":null}}]}},"s":{"0":0,"1":0,"2":0,"3":0,"4":0,"5":0,"6":0,"7":0,"8":0,"9":0,"10":0,"11":0,"12":0,"13":0,"14":0},"f":{"0":0,"1":0,"2":0},"b":{"0":[0,0],"1":[0,0],"2":[0],"3":[0],"4":[0],"5":[0,0]}}
,"/Users/xyx650/Documents/kenshin/src/tooltip/tooltip.tsx": {"path":"/Users/xyx650/Documents/kenshin/src/tooltip/tooltip.tsx","statementMap":{"0":{"start":{"line":1,"column":0},"end":{"line":1,"column":30}},"1":{"start":{"line":2,"column":0},"end":{"line":2,"column":34}},"2":{"start":{"line":3,"column":0},"end":{"line":3,"column":61}},"3":{"start":{"line":5,"column":0},"end":{"line":5,"column":64}},"4":{"start":{"line":7,"column":0},"end":{"line":7,"column":49}},"5":{"start":{"line":9,"column":0},"end":{"line":9,"column":40}},"6":{"start":{"line":11,"column":0},"end":{"line":11,"column":35}},"7":{"start":{"line":12,"column":0},"end":{"line":12,"column":40}},"8":{"start":{"line":13,"column":0},"end":{"line":13,"column":21}},"9":{"start":{"line":74,"column":20},"end":{"line":84,"column":1}},"10":{"start":{"line":75,"column":17},"end":{"line":75,"column":33}},"11":{"start":{"line":76,"column":30},"end":{"line":76,"column":40}},"12":{"start":{"line":77,"column":2},"end":{"line":82,"column":null}},"13":{"start":{"line":78,"column":4},"end":{"line":81,"column":null}},"14":{"start":{"line":79,"column":6},"end":{"line":79,"column":null}},"15":{"start":{"line":80,"column":6},"end":{"line":80,"column":null}},"16":{"start":{"line":83,"column":2},"end":{"line":83,"column":null}},"17":{"start":{"line":86,"column":25},"end":{"line":86,"column":83}},"18":{"start":{"line":90,"column":2},"end":{"line":122,"column":null}},"19":{"start":{"line":91,"column":32},"end":{"line":100,"column":6}},"20":{"start":{"line":101,"column":22},"end":{"line":107,"column":null}},"21":{"start":{"line":108,"column":24},"end":{"line":111,"column":null}},"22":{"start":{"line":112,"column":18},"end":{"line":115,"column":6}},"23":{"start":{"line":116,"column":4},"end":{"line":121,"column":null}},"24":{"start":{"line":123,"column":2},"end":{"line":123,"column":null}},"25":{"start":{"line":126,"column":16},"end":{"line":250,"column":2}},"26":{"start":{"line":128,"column":32},"end":{"line":131,"column":4}},"27":{"start":{"line":133,"column":20},"end":{"line":136,"column":3}},"28":{"start":{"line":134,"column":31},"end":{"line":134,"column":36}},"29":{"start":{"line":135,"column":4},"end":{"line":135,"column":null}},"30":{"start":{"line":138,"column":26},"end":{"line":144,"column":3}},"31":{"start":{"line":139,"column":4},"end":{"line":139,"column":null}},"32":{"start":{"line":141,"column":4},"end":{"line":143,"column":null}},"33":{"start":{"line":142,"column":6},"end":{"line":142,"column":null}},"34":{"start":{"line":146,"column":31},"end":{"line":155,"column":3}},"35":{"start":{"line":147,"column":74},"end":{"line":147,"column":79}},"36":{"start":{"line":148,"column":4},"end":{"line":154,"column":null}},"37":{"start":{"line":159,"column":23},"end":{"line":184,"column":3}},"38":{"start":{"line":160,"column":28},"end":{"line":160,"column":50}},"39":{"start":{"line":162,"column":22},"end":{"line":162,"column":158}},"40":{"start":{"line":162,"column":60},"end":{"line":162,"column":154}},"41":{"start":{"line":163,"column":4},"end":{"line":165,"column":null}},"42":{"start":{"line":164,"column":6},"end":{"line":164,"column":12}},"43":{"start":{"line":167,"column":17},"end":{"line":167,"column":48}},"44":{"start":{"line":168,"column":28},"end":{"line":171,"column":null}},"45":{"start":{"line":172,"column":4},"end":{"line":176,"column":null}},"46":{"start":{"line":173,"column":6},"end":{"line":173,"column":null}},"47":{"start":{"line":174,"column":11},"end":{"line":176,"column":null}},"48":{"start":{"line":175,"column":6},"end":{"line":175,"column":null}},"49":{"start":{"line":177,"column":4},"end":{"line":181,"column":null}},"50":{"start":{"line":178,"column":6},"end":{"line":178,"column":null}},"51":{"start":{"line":179,"column":11},"end":{"line":181,"column":null}},"52":{"start":{"line":180,"column":6},"end":{"line":180,"column":null}},"53":{"start":{"line":183,"column":4},"end":{"line":183,"column":null}},"54":{"start":{"line":186,"column":21},"end":{"line":192,"column":3}},"55":{"start":{"line":187,"column":31},"end":{"line":187,"column":36}},"56":{"start":{"line":188,"column":4},"end":{"line":190,"column":null}},"57":{"start":{"line":189,"column":6},"end":{"line":189,"column":null}},"58":{"start":{"line":191,"column":4},"end":{"line":191,"column":null}},"59":{"start":{"line":203,"column":6},"end":{"line":203,"column":11}},"60":{"start":{"line":205,"column":20},"end":{"line":205,"column":59}},"61":{"start":{"line":206,"column":24},"end":{"line":206,"column":33}},"62":{"start":{"line":208,"column":22},"end":{"line":208,"column":78}},"63":{"start":{"line":210,"column":16},"end":{"line":212,"column":null}},"64":{"start":{"line":214,"column":21},"end":{"line":214,"column":32}},"65":{"start":{"line":215,"column":19},"end":{"line":217,"column":4}},"66":{"start":{"line":219,"column":33},"end":{"line":221,"column":4}},"67":{"start":{"line":223,"column":35},"end":{"line":223,"column":52}},"68":{"start":{"line":225,"column":2},"end":{"line":228,"column":null}},"69":{"start":{"line":226,"column":4},"end":{"line":226,"column":null}},"70":{"start":{"line":227,"column":4},"end":{"line":227,"column":null}},"71":{"start":{"line":230,"column":2},"end":{"line":249,"column":null}},"72":{"start":{"line":252,"column":0},"end":{"line":258,"column":null}},"73":{"start":{"line":260,"column":0},"end":{"line":260,"column":null}}},"fnMap":{"0":{"name":"(anonymous_0)","decl":{"start":{"line":74,"column":20},"end":{"line":74,"column":75}},"loc":{"start":{"line":74,"column":96},"end":{"line":84,"column":1}}},"1":{"name":"(anonymous_1)","decl":{"start":{"line":77,"column":15},"end":{"line":77,"column":18}},"loc":{"start":{"line":77,"column":21},"end":{"line":82,"column":3}}},"2":{"name":"getDisabledCompatibleChildren","decl":{"start":{"line":89,"column":9},"end":{"line":89,"column":38}},"loc":{"start":{"line":89,"column":85},"end":{"line":124,"column":1}}},"3":{"name":"(anonymous_3)","decl":{"start":{"line":126,"column":56},"end":{"line":126,"column":57}},"loc":{"start":{"line":126,"column":71},"end":{"line":250,"column":1}}},"4":{"name":"(anonymous_4)","decl":{"start":{"line":133,"column":20},"end":{"line":133,"column":23}},"loc":{"start":{"line":133,"column":25},"end":{"line":136,"column":3}}},"5":{"name":"(anonymous_5)","decl":{"start":{"line":138,"column":26},"end":{"line":138,"column":27}},"loc":{"start":{"line":138,"column":43},"end":{"line":144,"column":3}}},"6":{"name":"(anonymous_6)","decl":{"start":{"line":146,"column":31},"end":{"line":146,"column":34}},"loc":{"start":{"line":146,"column":36},"end":{"line":155,"column":3}}},"7":{"name":"(anonymous_7)","decl":{"start":{"line":159,"column":23},"end":{"line":159,"column":24}},"loc":{"start":{"line":159,"column":60},"end":{"line":184,"column":3}}},"8":{"name":"(anonymous_8)","decl":{"start":{"line":162,"column":53},"end":{"line":162,"column":56}},"loc":{"start":{"line":162,"column":60},"end":{"line":162,"column":154}}},"9":{"name":"(anonymous_9)","decl":{"start":{"line":186,"column":21},"end":{"line":186,"column":24}},"loc":{"start":{"line":186,"column":26},"end":{"line":192,"column":3}}}},"branchMap":{"0":{"loc":{"start":{"line":78,"column":4},"end":{"line":81,"column":null}},"type":"if","locations":[{"start":{"line":78,"column":4},"end":{"line":81,"column":null}},{"start":{"line":78,"column":4},"end":{"line":81,"column":null}}]},"1":{"loc":{"start":{"line":78,"column":8},"end":{"line":78,"column":11}},"type":"binary-expr","locations":[{"start":{"line":78,"column":8},"end":{"line":78,"column":11}},{"start":{"line":78,"column":15},"end":{"line":78,"column":25}}]},"2":{"loc":{"start":{"line":90,"column":2},"end":{"line":122,"column":null}},"type":"if","locations":[{"start":{"line":90,"column":2},"end":{"line":122,"column":null}},{"start":{"line":90,"column":2},"end":{"line":122,"column":null}}]},"3":{"loc":{"start":{"line":90,"column":6},"end":{"line":90,"column":31}},"type":"binary-expr","locations":[{"start":{"line":90,"column":6},"end":{"line":90,"column":31}},{"start":{"line":90,"column":35},"end":{"line":90,"column":57}}]},"4":{"loc":{"start":{"line":106,"column":35},"end":{"line":106,"column":41}},"type":"cond-expr","locations":[{"start":{"line":106,"column":35},"end":{"line":106,"column":41}},{"start":{"line":106,"column":44},"end":{"line":106,"column":48}}]},"5":{"loc":{"start":{"line":135,"column":11},"end":{"line":135,"column":17}},"type":"binary-expr","locations":[{"start":{"line":135,"column":11},"end":{"line":135,"column":17}},{"start":{"line":135,"column":21},"end":{"line":135,"column":29}},{"start":{"line":135,"column":33},"end":{"line":135,"column":44}}]},"6":{"loc":{"start":{"line":139,"column":29},"end":{"line":139,"column":34}},"type":"cond-expr","locations":[{"start":{"line":139,"column":29},"end":{"line":139,"column":34}},{"start":{"line":139,"column":37},"end":{"line":139,"column":40}}]},"7":{"loc":{"start":{"line":141,"column":4},"end":{"line":143,"column":null}},"type":"if","locations":[{"start":{"line":141,"column":4},"end":{"line":143,"column":null}},{"start":{"line":141,"column":4},"end":{"line":143,"column":null}}]},"8":{"loc":{"start":{"line":149,"column":6},"end":{"line":149,"column":23}},"type":"binary-expr","locations":[{"start":{"line":149,"column":6},"end":{"line":149,"column":23}},{"start":{"line":150,"column":6},"end":{"line":153,"column":8}}]},"9":{"loc":{"start":{"line":162,"column":60},"end":{"line":162,"column":105}},"type":"binary-expr","locations":[{"start":{"line":162,"column":60},"end":{"line":162,"column":105}},{"start":{"line":162,"column":109},"end":{"line":162,"column":154}}]},"10":{"loc":{"start":{"line":163,"column":4},"end":{"line":165,"column":null}},"type":"if","locations":[{"start":{"line":163,"column":4},"end":{"line":165,"column":null}},{"start":{"line":163,"column":4},"end":{"line":165,"column":null}}]},"11":{"loc":{"start":{"line":172,"column":4},"end":{"line":176,"column":null}},"type":"if","locations":[{"start":{"line":172,"column":4},"end":{"line":176,"column":null}},{"start":{"line":172,"column":4},"end":{"line":176,"column":null}}]},"12":{"loc":{"start":{"line":172,"column":8},"end":{"line":172,"column":37}},"type":"binary-expr","locations":[{"start":{"line":172,"column":8},"end":{"line":172,"column":37}},{"start":{"line":172,"column":41},"end":{"line":172,"column":73}}]},"13":{"loc":{"start":{"line":174,"column":11},"end":{"line":176,"column":null}},"type":"if","locations":[{"start":{"line":174,"column":11},"end":{"line":176,"column":null}},{"start":{"line":174,"column":11},"end":{"line":176,"column":null}}]},"14":{"loc":{"start":{"line":174,"column":15},"end":{"line":174,"column":44}},"type":"binary-expr","locations":[{"start":{"line":174,"column":15},"end":{"line":174,"column":44}},{"start":{"line":174,"column":48},"end":{"line":174,"column":80}}]},"15":{"loc":{"start":{"line":177,"column":4},"end":{"line":181,"column":null}},"type":"if","locations":[{"start":{"line":177,"column":4},"end":{"line":181,"column":null}},{"start":{"line":177,"column":4},"end":{"line":181,"column":null}}]},"16":{"loc":{"start":{"line":177,"column":8},"end":{"line":177,"column":38}},"type":"binary-expr","locations":[{"start":{"line":177,"column":8},"end":{"line":177,"column":38}},{"start":{"line":177,"column":42},"end":{"line":177,"column":73}}]},"17":{"loc":{"start":{"line":179,"column":11},"end":{"line":181,"column":null}},"type":"if","locations":[{"start":{"line":179,"column":11},"end":{"line":181,"column":null}},{"start":{"line":179,"column":11},"end":{"line":181,"column":null}}]},"18":{"loc":{"start":{"line":179,"column":15},"end":{"line":179,"column":46}},"type":"binary-expr","locations":[{"start":{"line":179,"column":15},"end":{"line":179,"column":46}},{"start":{"line":179,"column":50},"end":{"line":179,"column":80}}]},"19":{"loc":{"start":{"line":188,"column":4},"end":{"line":190,"column":null}},"type":"if","locations":[{"start":{"line":188,"column":4},"end":{"line":190,"column":null}},{"start":{"line":188,"column":4},"end":{"line":190,"column":null}}]},"20":{"loc":{"start":{"line":191,"column":11},"end":{"line":191,"column":18}},"type":"binary-expr","locations":[{"start":{"line":191,"column":11},"end":{"line":191,"column":18}},{"start":{"line":191,"column":22},"end":{"line":191,"column":27}},{"start":{"line":191,"column":31},"end":{"line":191,"column":33}}]},"21":{"loc":{"start":{"line":205,"column":20},"end":{"line":205,"column":38}},"type":"binary-expr","locations":[{"start":{"line":205,"column":20},"end":{"line":205,"column":38}},{"start":{"line":205,"column":42},"end":{"line":205,"column":59}}]},"22":{"loc":{"start":{"line":208,"column":63},"end":{"line":208,"column":68}},"type":"cond-expr","locations":[{"start":{"line":208,"column":63},"end":{"line":208,"column":68}},{"start":{"line":208,"column":71},"end":{"line":208,"column":78}}]},"23":{"loc":{"start":{"line":208,"column":23},"end":{"line":208,"column":44}},"type":"binary-expr","locations":[{"start":{"line":208,"column":23},"end":{"line":208,"column":44}},{"start":{"line":208,"column":48},"end":{"line":208,"column":59}}]},"24":{"loc":{"start":{"line":211,"column":31},"end":{"line":211,"column":39}},"type":"cond-expr","locations":[{"start":{"line":211,"column":31},"end":{"line":211,"column":39}},{"start":{"line":211,"column":42},"end":{"line":211,"column":65}}]},"25":{"loc":{"start":{"line":216,"column":5},"end":{"line":216,"column":18}},"type":"binary-expr","locations":[{"start":{"line":216,"column":5},"end":{"line":216,"column":18}},{"start":{"line":216,"column":22},"end":{"line":216,"column":41}}]},"26":{"loc":{"start":{"line":220,"column":31},"end":{"line":220,"column":36}},"type":"binary-expr","locations":[{"start":{"line":220,"column":31},"end":{"line":220,"column":36}},{"start":{"line":220,"column":40},"end":{"line":220,"column":68}}]},"27":{"loc":{"start":{"line":225,"column":2},"end":{"line":228,"column":null}},"type":"if","locations":[{"start":{"line":225,"column":2},"end":{"line":228,"column":null}},{"start":{"line":225,"column":2},"end":{"line":228,"column":null}}]},"28":{"loc":{"start":{"line":225,"column":6},"end":{"line":225,"column":11}},"type":"binary-expr","locations":[{"start":{"line":225,"column":6},"end":{"line":225,"column":11}},{"start":{"line":225,"column":15},"end":{"line":225,"column":44}}]},"29":{"loc":{"start":{"line":234,"column":25},"end":{"line":234,"column":42}},"type":"binary-expr","locations":[{"start":{"line":234,"column":25},"end":{"line":234,"column":42}},{"start":{"line":234,"column":46},"end":{"line":234,"column":65}}]},"30":{"loc":{"start":{"line":244,"column":18},"end":{"line":244,"column":38}},"type":"binary-expr","locations":[{"start":{"line":244,"column":18},"end":{"line":244,"column":38}},{"start":{"line":244,"column":42},"end":{"line":244,"column":74}}]},"31":{"loc":{"start":{"line":248,"column":19},"end":{"line":248,"column":63}},"type":"cond-expr","locations":[{"start":{"line":248,"column":19},"end":{"line":248,"column":63}},{"start":{"line":248,"column":66},"end":{"line":248,"column":71}}]}},"s":{"0":0,"1":0,"2":0,"3":0,"4":0,"5":0,"6":0,"7":0,"8":0,"9":0,"10":0,"11":0,"12":0,"13":0,"14":0,"15":0,"16":0,"17":0,"18":0,"19":0,"20":0,"21":0,"22":0,"23":0,"24":0,"25":0,"26":0,"27":0,"28":0,"29":0,"30":0,"31":0,"32":0,"33":0,"34":0,"35":0,"36":0,"37":0,"38":0,"39":0,"40":0,"41":0,"42":0,"43":0,"44":0,"45":0,"46":0,"47":0,"48":0,"49":0,"50":0,"51":0,"52":0,"53":0,"54":0,"55":0,"56":0,"57":0,"58":0,"59":0,"60":0,"61":0,"62":0,"63":0,"64":0,"65":0,"66":0,"67":0,"68":0,"69":0,"70":0,"71":0,"72":0,"73":0},"f":{"0":0,"1":0,"2":0,"3":0,"4":0,"5":0,"6":0,"7":0,"8":0,"9":0},"b":{"0":[0,0],"1":[0,0],"2":[0,0],"3":[0,0],"4":[0,0],"5":[0,0,0],"6":[0,0],"7":[0,0],"8":[0,0],"9":[0,0],"10":[0,0],"11":[0,0],"12":[0,0],"13":[0,0],"14":[0,0],"15":[0,0],"16":[0,0],"17":[0,0],"18":[0,0],"19":[0,0],"20":[0,0,0],"21":[0,0],"22":[0,0],"23":[0,0],"24":[0,0],"25":[0,0],"26":[0,0],"27":[0,0],"28":[0,0],"29":[0,0],"30":[0,0],"31":[0,0]}}
}
